<?xml version="1.0" encoding="UTF-8"?>
<!-- Generated by org.testng.reporters.JUnitReportReporter -->
<testsuite hostname="Z100107" name="com.YouMagicPro.LKM_tests.EnterToLKATest" tests="1" failures="0" timestamp="6 Mar 2013 09:59:24 GMT" time="214.454" errors="0">
  <testcase name="EnterToLKATest_C26771_C26772_C26773" time="214.454" classname="com.YouMagicPro.LKM_tests.EnterToLKATest"/>
</testsuite> <!-- com.YouMagicPro.LKM_tests.EnterToLKATest -->
