<?xml version="1.0" encoding="UTF-8"?>
<!-- Generated by org.testng.reporters.JUnitReportReporter -->
<testsuite hostname="Z100107" name="com.YouMagicPro.LKS_tests.PhoneAddNumberToContactTest" tests="1" failures="0" timestamp="11 Feb 2013 11:54:37 GMT" time="50.193" errors="0">
  <testcase name="phoneAddNumberToContactTest_C15321" time="50.193" classname="com.YouMagicPro.LKS_tests.PhoneAddNumberToContactTest"/>
</testsuite> <!-- com.YouMagicPro.LKS_tests.PhoneAddNumberToContactTest -->
