<?xml version="1.0" encoding="UTF-8"?>
<!-- Generated by org.testng.reporters.JUnitReportReporter -->
<testsuite hostname="Z100107" name="com.YouMagicPro.LKS_tests.SettingsRightNoOldPasswordNewPasswordsMatchTest" tests="1" failures="0" timestamp="18 Feb 2013 09:08:47 GMT" time="39.194" errors="0">
  <testcase name="settingsRightNoOldPasswordNewPasswordsMatchTest_C15286" time="39.194" classname="com.YouMagicPro.LKS_tests.SettingsRightNoOldPasswordNewPasswordsMatchTest"/>
</testsuite> <!-- com.YouMagicPro.LKS_tests.SettingsRightNoOldPasswordNewPasswordsMatchTest -->
