<?xml version="1.0" encoding="UTF-8"?>
<!-- Generated by org.testng.reporters.JUnitReportReporter -->
<testsuite hostname="Z100107" name="com.YouMagicPro.LKA_tests.EmployeesEditInternalNumberTest" tests="1" failures="0" timestamp="17 Jan 2013 13:14:35 GMT" time="37.945" errors="0">
  <testcase name="employeesEditInternalNumberTest_C15254" time="37.945" classname="com.YouMagicPro.LKA_tests.EmployeesEditInternalNumberTest"/>
</testsuite> <!-- com.YouMagicPro.LKA_tests.EmployeesEditInternalNumberTest -->
