<?xml version="1.0" encoding="UTF-8"?>
<!-- Generated by org.testng.reporters.JUnitReportReporter -->
<testsuite hostname="Z100107" name="com.YouMagicPro.LKS_tests.PhoneEmptySearch" tests="1" failures="0" timestamp="8 Feb 2013 06:58:45 GMT" time="36.391" errors="0">
  <testcase name="phoneEmptySearch_C15339" time="36.391" classname="com.YouMagicPro.LKS_tests.PhoneEmptySearch"/>
</testsuite> <!-- com.YouMagicPro.LKS_tests.PhoneEmptySearch -->
