<?xml version="1.0" encoding="UTF-8"?>
<!-- Generated by org.testng.reporters.JUnitReportReporter -->
<testsuite hostname="Z100107" name="com.YouMagicPro.LKS_tests.PhonePostPresentTest" tests="1" failures="0" timestamp="6 Feb 2013 05:57:24 GMT" time="12.620" errors="0">
  <testcase name="phonePostPresentTest_C15318" time="12.620" classname="com.YouMagicPro.LKS_tests.PhonePostPresentTest"/>
</testsuite> <!-- com.YouMagicPro.LKS_tests.PhonePostPresentTest -->
