<?xml version="1.0" encoding="UTF-8"?>
<!-- Generated by org.testng.reporters.JUnitReportReporter -->
<testsuite hostname="Z100107" name="com.YouMagicPro.LKA_tests.ContractFieldsFLTest" tests="1" failures="0" timestamp="6 Mar 2013 13:35:09 GMT" time="40.894" errors="0">
  <testcase name="contractFieldsFLTest_C32028_C32044" time="40.894" classname="com.YouMagicPro.LKA_tests.ContractFieldsFLTest"/>
</testsuite> <!-- com.YouMagicPro.LKA_tests.ContractFieldsFLTest -->
