<?xml version="1.0" encoding="UTF-8"?>
<!-- Generated by org.testng.reporters.JUnitReportReporter -->
<testsuite hostname="Z100107" name="com.YouMagicPro.LKA_tests.SupportChooseTopicNoTextTest" tests="1" failures="0" timestamp="14 Feb 2013 06:22:24 GMT" time="37.651" errors="0">
  <testcase name="supportChooseTopicNoTextTest_C15200" time="37.651" classname="com.YouMagicPro.LKA_tests.SupportChooseTopicNoTextTest"/>
</testsuite> <!-- com.YouMagicPro.LKA_tests.SupportChooseTopicNoTextTest -->
