<?xml version="1.0" encoding="UTF-8"?>
<!-- Generated by org.testng.reporters.JUnitReportReporter -->
<testsuite hostname="Z100107" name="com.YouMagicPro.LKA_tests.EmployeesEditPasswordTest" tests="1" failures="0" timestamp="14 Feb 2013 12:24:27 GMT" time="39.032" errors="0">
  <testcase name="employeesEditPasswordTest_C15265" time="39.032" classname="com.YouMagicPro.LKA_tests.EmployeesEditPasswordTest"/>
</testsuite> <!-- com.YouMagicPro.LKA_tests.EmployeesEditPasswordTest -->
