<?xml version="1.0" encoding="UTF-8"?>
<!-- Generated by org.testng.reporters.JUnitReportReporter -->
<testsuite hostname="Z100107" name="com.YouMagicPro.LKA_tests.GroupsOneInInternalNumberTextFieldTest" tests="1" failures="0" timestamp="21 Jan 2013 11:48:28 GMT" time="42.091" errors="0">
  <testcase name="groupsOneInInternalNumberTextFieldTest_C15188" time="42.091" classname="com.YouMagicPro.LKA_tests.GroupsOneInInternalNumberTextFieldTest"/>
</testsuite> <!-- com.YouMagicPro.LKA_tests.GroupsOneInInternalNumberTextFieldTest -->
