<?xml version="1.0" encoding="UTF-8"?>
<!-- Generated by org.testng.reporters.JUnitReportReporter -->
<testsuite hostname="Z100107" name="com.YouMagicPro.LKA_tests.ContractFillInDataTest" tests="1" failures="0" timestamp="6 Feb 2013 13:26:26 GMT" time="33.247" errors="0">
  <testcase name="fillInContractDataTest_C14998" time="33.247" classname="com.YouMagicPro.LKA_tests.ContractFillInDataTest"/>
</testsuite> <!-- com.YouMagicPro.LKA_tests.ContractFillInDataTest -->
