<?xml version="1.0" encoding="UTF-8"?>
<!-- Generated by org.testng.reporters.JUnitReportReporter -->
<testsuite hostname="Z100107" name="com.YouMagicPro.LKS_tests.PhoneCreateEmptyNameGroupTest" tests="1" failures="0" timestamp="24 Jan 2013 13:14:50 GMT" time="33.297" errors="0">
  <testcase name="phoneCreateAndDeleteGroupTest" time="33.297" classname="com.YouMagicPro.LKS_tests.PhoneCreateEmptyNameGroupTest"/>
</testsuite> <!-- com.YouMagicPro.LKS_tests.PhoneCreateEmptyNameGroupTest -->
