<?xml version="1.0" encoding="UTF-8"?>
<!-- Generated by org.testng.reporters.JUnitReportReporter -->
<testsuite hostname="Z100107" name="com.YouMagicPro.LKM_tests.EnterToLKATest" tests="1" failures="0" timestamp="27 Feb 2013 08:32:56 GMT" time="199.362" errors="0">
  <testcase name="EnterToLKATest_C26771_C26772_C26773" time="199.362" classname="com.YouMagicPro.LKM_tests.EnterToLKATest"/>
</testsuite> <!-- com.YouMagicPro.LKM_tests.EnterToLKATest -->
