<?xml version="1.0" encoding="UTF-8"?>
<!-- Generated by org.testng.reporters.JUnitReportReporter -->
<testsuite hostname="Z100107" name="com.YouMagicPro.LKS_tests.SettingsRightOldPasswordNewPasswordsNotMatchTest" tests="1" failures="0" timestamp="18 Feb 2013 09:21:13 GMT" time="41.707" errors="0">
  <testcase name="SettingsRightOldPasswordNewPasswordsNotMatchTest_C15284" time="41.707" classname="com.YouMagicPro.LKS_tests.SettingsRightOldPasswordNewPasswordsNotMatchTest"/>
</testsuite> <!-- com.YouMagicPro.LKS_tests.SettingsRightOldPasswordNewPasswordsNotMatchTest -->
