<?xml version="1.0" encoding="UTF-8"?>
<!-- Generated by org.testng.reporters.JUnitReportReporter -->
<testsuite hostname="Z100107" name="com.YouMagicPro.LKS_tests.LogoTest" tests="1" failures="0" timestamp="6 Feb 2013 05:57:23 GMT" time="12.357" errors="0">
  <testcase name="logoTest_C15010" time="12.357" classname="com.YouMagicPro.LKS_tests.LogoTest"/>
</testsuite> <!-- com.YouMagicPro.LKS_tests.LogoTest -->
