<?xml version="1.0" encoding="UTF-8"?>
<!-- Generated by org.testng.reporters.JUnitReportReporter -->
<testsuite hostname="Z100107" name="com.YouMagicPro.LKS_tests.PhoneAddNumberToContactTest" tests="1" failures="0" timestamp="11 Feb 2013 08:35:25 GMT" time="69.660" errors="0">
  <testcase name="phoneAddNumberToContactTest_C15321" time="69.660" classname="com.YouMagicPro.LKS_tests.PhoneAddNumberToContactTest"/>
</testsuite> <!-- com.YouMagicPro.LKS_tests.PhoneAddNumberToContactTest -->
