<?xml version="1.0" encoding="UTF-8"?>
<!-- Generated by org.testng.reporters.JUnitReportReporter -->
<testsuite hostname="Z100107" name="com.YouMagicPro.LKA_tests.BalanceExpensesForLastPeriodTest" tests="1" failures="0" timestamp="14 Feb 2013 06:41:45 GMT" time="15.731" errors="0">
  <testcase name="balanceExpensesForLastPeriodTest_C15092" time="15.731" classname="com.YouMagicPro.LKA_tests.BalanceExpensesForLastPeriodTest"/>
</testsuite> <!-- com.YouMagicPro.LKA_tests.BalanceExpensesForLastPeriodTest -->
