<?xml version="1.0" encoding="UTF-8"?>
<!-- Generated by org.testng.reporters.JUnitReportReporter -->
<testsuite hostname="Z100107" name="com.YouMagicPro.LKS_tests.CallForwardingAddNumberTest" tests="1" failures="0" timestamp="25 Jan 2013 07:03:00 GMT" time="27.935" errors="0">
  <testcase name="callForwardingAddNumberTest" time="27.935" classname="com.YouMagicPro.LKS_tests.CallForwardingAddNumberTest"/>
</testsuite> <!-- com.YouMagicPro.LKS_tests.CallForwardingAddNumberTest -->
