<?xml version="1.0" encoding="UTF-8"?>
<!-- Generated by org.testng.reporters.JUnitReportReporter -->
<testsuite hostname="Z100107" name="com.YouMagicPro.registration.RegistrationWrongVerificationCodeTest" tests="1" failures="0" timestamp="4 Feb 2013 11:12:25 GMT" time="8.128" errors="0">
  <testcase name="registrationStabilityOfNumbersTest" time="8.128" classname="com.YouMagicPro.registration.RegistrationWrongVerificationCodeTest"/>
</testsuite> <!-- com.YouMagicPro.registration.RegistrationWrongVerificationCodeTest -->
