<?xml version="1.0" encoding="UTF-8"?>
<!-- Generated by org.testng.reporters.JUnitReportReporter -->
<testsuite hostname="Z100107" name="com.YouMagicPro.LKM_tests.StatusesOfClientsTest" tests="1" failures="0" timestamp="26 Feb 2013 13:45:02 GMT" time="17.317" errors="0">
  <testcase name="statusesOfClientsTest_C22608" time="17.317" classname="com.YouMagicPro.LKM_tests.StatusesOfClientsTest"/>
</testsuite> <!-- com.YouMagicPro.LKM_tests.StatusesOfClientsTest -->
