<?xml version="1.0" encoding="UTF-8"?>
<!-- Generated by org.testng.reporters.JUnitReportReporter -->
<testsuite hostname="Z100107" name="com.YouMagicPro.LKA_tests.GroupsAddAndDeleteGroupTest" tests="1" failures="0" timestamp="14 Feb 2013 08:51:02 GMT" time="48.141" errors="0">
  <testcase name="groupsAddAndDeleteGroupTest_C15195C15186C25629" time="48.141" classname="com.YouMagicPro.LKA_tests.GroupsAddAndDeleteGroupTest"/>
</testsuite> <!-- com.YouMagicPro.LKA_tests.GroupsAddAndDeleteGroupTest -->
