<?xml version="1.0" encoding="UTF-8"?>
<!-- Generated by org.testng.reporters.JUnitReportReporter -->
<testsuite hostname="Z100107" name="com.YouMagicPro.LKA_tests.ContractBankAccountOneInTextFieldTest" tests="1" failures="0" timestamp="14 Feb 2013 06:13:17 GMT" time="27.320" errors="0">
  <testcase name="contractBankAccountOneInTextFieldTest_C14993" time="27.320" classname="com.YouMagicPro.LKA_tests.ContractBankAccountOneInTextFieldTest"/>
</testsuite> <!-- com.YouMagicPro.LKA_tests.ContractBankAccountOneInTextFieldTest -->
