<?xml version="1.0" encoding="UTF-8"?>
<!-- Generated by org.testng.reporters.JUnitReportReporter -->
<testsuite hostname="Z100107" name="com.YouMagicPro.LKS_tests.CityAndYouMagicNumbersTest" tests="1" failures="0" timestamp="6 Feb 2013 05:57:23 GMT" time="14.214" errors="0">
  <testcase name="cityAndYouMagicNumbersTest_C15009" time="14.214" classname="com.YouMagicPro.LKS_tests.CityAndYouMagicNumbersTest"/>
</testsuite> <!-- com.YouMagicPro.LKS_tests.CityAndYouMagicNumbersTest -->
