<?xml version="1.0" encoding="UTF-8"?>
<!-- Generated by org.testng.reporters.JUnitReportReporter -->
<testsuite hostname="Z100107" name="com.YouMagicPro.LKA_tests.EmployeesEditPostTest" tests="1" failures="0" timestamp="17 Jan 2013 12:48:03 GMT" time="36.944" errors="0">
  <testcase name="employeesEditPostTest_C15270" time="36.944" classname="com.YouMagicPro.LKA_tests.EmployeesEditPostTest"/>
</testsuite> <!-- com.YouMagicPro.LKA_tests.EmployeesEditPostTest -->
