<?xml version="1.0" encoding="UTF-8"?>
<!-- Generated by org.testng.reporters.JUnitReportReporter -->
<testsuite hostname="Z100107" name="com.YouMagicPro.LKS_tests.PhoneAddNumbersForContactAndDeleteTest" tests="1" failures="0" timestamp="7 Feb 2013 06:34:13 GMT" time="47.898" errors="0">
  <testcase name="phoneAddNumbersForContactAndDeleteTest_C15322" time="47.898" classname="com.YouMagicPro.LKS_tests.PhoneAddNumbersForContactAndDeleteTest"/>
</testsuite> <!-- com.YouMagicPro.LKS_tests.PhoneAddNumbersForContactAndDeleteTest -->
