<?xml version="1.0" encoding="UTF-8"?>
<!-- Generated by org.testng.reporters.JUnitReportReporter -->
<testsuite hostname="Z100107" name="com.YouMagicPro.LKM_tests.IsChangeContractLinkPresentTest" tests="1" failures="0" timestamp="27 Feb 2013 06:33:05 GMT" time="14.657" errors="0">
  <testcase name="isChangeContractLinkPresentTest_C22605" time="14.657" classname="com.YouMagicPro.LKM_tests.IsChangeContractLinkPresentTest"/>
</testsuite> <!-- com.YouMagicPro.LKM_tests.IsChangeContractLinkPresentTest -->
