<?xml version="1.0" encoding="UTF-8"?>
<!-- Generated by org.testng.reporters.JUnitReportReporter -->
<testsuite hostname="Z100107" name="com.YouMagicPro.LKS_tests.SettingsPasswordSymbolsInFieldTest" tests="1" failures="0" timestamp="6 Feb 2013 05:57:23 GMT" time="35.665" errors="0">
  <testcase name="settingsPasswordSymbolsInFieldTest_C15290" time="35.665" classname="com.YouMagicPro.LKS_tests.SettingsPasswordSymbolsInFieldTest"/>
</testsuite> <!-- com.YouMagicPro.LKS_tests.SettingsPasswordSymbolsInFieldTest -->
