<?xml version="1.0" encoding="UTF-8"?>
<!-- Generated by org.testng.reporters.JUnitReportReporter -->
<testsuite hostname="Z100107" name="com.YouMagicPro.LKA_tests.ContractChoosePassportDateTest" tests="1" failures="0" timestamp="25 Feb 2013 08:13:41 GMT" time="46.529" errors="0">
  <testcase name="ontractChoosePassportDateTest_C32037" time="46.529" classname="com.YouMagicPro.LKA_tests.ContractChoosePassportDateTest"/>
</testsuite> <!-- com.YouMagicPro.LKA_tests.ContractChoosePassportDateTest -->
