<?xml version="1.0" encoding="UTF-8"?>
<!-- Generated by org.testng.reporters.JUnitReportReporter -->
<testsuite hostname="Z100107" name="com.YouMagicPro.LKS_tests.SettingsDomainTest" tests="1" failures="0" timestamp="7 Feb 2013 06:43:07 GMT" time="29.184" errors="0">
  <testcase name="settingsDomainTest_C15280" time="29.184" classname="com.YouMagicPro.LKS_tests.SettingsDomainTest"/>
</testsuite> <!-- com.YouMagicPro.LKS_tests.SettingsDomainTest -->
