<?xml version="1.0" encoding="UTF-8"?>
<!-- Generated by org.testng.reporters.JUnitReportReporter -->
<testsuite hostname="Z100107" name="com.YouMagicPro.LKA_tests.ContractCitizenshipFLTest" tests="1" failures="0" timestamp="25 Feb 2013 07:58:13 GMT" time="31.518" errors="0">
  <testcase name="contractCitizenshipFLTest_C32033" time="31.518" classname="com.YouMagicPro.LKA_tests.ContractCitizenshipFLTest"/>
</testsuite> <!-- com.YouMagicPro.LKA_tests.ContractCitizenshipFLTest -->
