<?xml version="1.0" encoding="UTF-8"?>
<!-- Generated by org.testng.reporters.JUnitReportReporter -->
<testsuite hostname="Z100107" name="com.YouMagicPro.LKA_tests.ContractPlaceOfATTest" tests="1" failures="0" timestamp="10 Jan 2013 13:15:34 GMT" time="145.217" errors="0">
  <testcase name="contractPlaceOfATTest_C15060" time="145.217" classname="com.YouMagicPro.LKA_tests.ContractPlaceOfATTest"/>
</testsuite> <!-- com.YouMagicPro.LKA_tests.ContractPlaceOfATTest -->
