<?xml version="1.0" encoding="UTF-8"?>
<!-- Generated by org.testng.reporters.JUnitReportReporter -->
<testsuite hostname="Z100107" name="com.YouMagicPro.LKA_tests.EmployeesEditProfileTest" tests="1" failures="0" timestamp="17 Jan 2013 09:22:52 GMT" time="19.973" errors="0">
  <testcase name="employeesEditProfileTest_C15253" time="19.973" classname="com.YouMagicPro.LKA_tests.EmployeesEditProfileTest"/>
</testsuite> <!-- com.YouMagicPro.LKA_tests.EmployeesEditProfileTest -->
