<?xml version="1.0" encoding="UTF-8"?>
<!-- Generated by org.testng.reporters.JUnitReportReporter -->
<testsuite hostname="Z100107" name="com.YouMagicPro.LKA_tests.SupportTopicDropdownMenuTest" tests="1" failures="0" timestamp="21 Jan 2013 08:28:54 GMT" time="26.295" errors="0">
  <testcase name="supportToopicDropdownMenuTest_C15197" time="26.295" classname="com.YouMagicPro.LKA_tests.SupportTopicDropdownMenuTest"/>
</testsuite> <!-- com.YouMagicPro.LKA_tests.SupportTopicDropdownMenuTest -->
