<?xml version="1.0" encoding="UTF-8"?>
<!-- Generated by org.testng.reporters.JUnitReportReporter -->
<testsuite hostname="RnD_CI_Windows" name="com.YouMagicPro.LKA_tests.ContractCorAccountSymbolsInTextFieldTest" tests="1" failures="0" timestamp="27 Dec 2012 12:03:18 GMT" time="19.047" errors="0">
  <testcase name="contractCorAccountSymbolsInTextFieldTest_C15003" time="19.047" classname="com.YouMagicPro.LKA_tests.ContractCorAccountSymbolsInTextFieldTest"/>
</testsuite> <!-- com.YouMagicPro.LKA_tests.ContractCorAccountSymbolsInTextFieldTest -->
