<?xml version="1.0" encoding="UTF-8"?>
<!-- Generated by org.testng.reporters.JUnitReportReporter -->
<testsuite hostname="Z100107" name="com.YouMagicPro.LKS_tests.SettingsPasswordTest" tests="1" failures="0" timestamp="7 Feb 2013 06:37:20 GMT" time="29.194" errors="0">
  <testcase name="settingsPasswordTest_C15279" time="29.194" classname="com.YouMagicPro.LKS_tests.SettingsPasswordTest"/>
</testsuite> <!-- com.YouMagicPro.LKS_tests.SettingsPasswordTest -->
