<?xml version="1.0" encoding="UTF-8"?>
<!-- Generated by org.testng.reporters.JUnitReportReporter -->
<testsuite hostname="Z100107" name="com.YouMagicPro.LKS_tests.CallForwardingNoCallForwardingButtonsTest" tests="1" failures="0" timestamp="6 Feb 2013 05:57:24 GMT" time="21.917" errors="0">
  <testcase name="CallForwardingNoCallForwardingButtonsTest_C15035_C15036" time="21.917" classname="com.YouMagicPro.LKS_tests.CallForwardingNoCallForwardingButtonsTest"/>
</testsuite> <!-- com.YouMagicPro.LKS_tests.CallForwardingNoCallForwardingButtonsTest -->
