<?xml version="1.0" encoding="UTF-8"?>
<!-- Generated by org.testng.reporters.JUnitReportReporter -->
<testsuite hostname="Z100107" name="com.YouMagicPro.LKA_tests.FaxPageTest" tests="1" failures="0" timestamp="26 Mar 2013 10:51:20 GMT" time="31.890" errors="0">
  <testcase name="faxPageTest" time="31.890" classname="com.YouMagicPro.LKA_tests.FaxPageTest"/>
</testsuite> <!-- com.YouMagicPro.LKA_tests.FaxPageTest -->
