<?xml version="1.0" encoding="UTF-8"?>
<!-- Generated by org.testng.reporters.JUnitReportReporter -->
<testsuite hostname="Z100107" name="com.YouMagicPro.LKM_tests.AddNewClientRegistrationTest" tests="1" failures="0" timestamp="6 Mar 2013 08:44:59 GMT" time="36.472" errors="0">
  <testcase name="addNewClientRegistrationTest_C23921_C23922" time="36.472" classname="com.YouMagicPro.LKM_tests.AddNewClientRegistrationTest"/>
</testsuite> <!-- com.YouMagicPro.LKM_tests.AddNewClientRegistrationTest -->
