<?xml version="1.0" encoding="UTF-8"?>
<!-- Generated by org.testng.reporters.JUnitReportReporter -->
<testsuite hostname="Z100107" name="com.YouMagicPro.LKS_tests.PhoneRenameGroupTest" tests="1" failures="0" timestamp="11 Feb 2013 08:46:31 GMT" time="36.949" errors="0">
  <testcase name="phoneRenameGroupTest_C15330" time="36.949" classname="com.YouMagicPro.LKS_tests.PhoneRenameGroupTest"/>
</testsuite> <!-- com.YouMagicPro.LKS_tests.PhoneRenameGroupTest -->
