<?xml version="1.0" encoding="UTF-8"?>
<!-- Generated by org.testng.reporters.JUnitReportReporter -->
<testsuite hostname="Z100107" name="com.YouMagicPro.LKS_tests.SettingsDomainTest" tests="1" failures="0" timestamp="29 Jan 2013 12:33:28 GMT" time="18.003" errors="0">
  <testcase name="settingsDomainTest_C15280" time="18.003" classname="com.YouMagicPro.LKS_tests.SettingsDomainTest"/>
</testsuite> <!-- com.YouMagicPro.LKS_tests.SettingsDomainTest -->
