<?xml version="1.0" encoding="UTF-8"?>
<!-- Generated by org.testng.reporters.JUnitReportReporter -->
<testsuite hostname="Z100107" name="com.YouMagicPro.LKS_tests.PhoneAddNumbersForContactAndDeleteTest" tests="1" failures="0" timestamp="6 Feb 2013 05:57:24 GMT" time="42.398" errors="0">
  <testcase name="phoneAddNumbersForContactAndDeleteTest_C15322" time="42.398" classname="com.YouMagicPro.LKS_tests.PhoneAddNumbersForContactAndDeleteTest"/>
</testsuite> <!-- com.YouMagicPro.LKS_tests.PhoneAddNumbersForContactAndDeleteTest -->
