<?xml version="1.0" encoding="UTF-8"?>
<!-- Generated by org.testng.reporters.JUnitReportReporter -->
<testsuite hostname="Z100107" name="com.YouMagicPro.LKS_tests.ClickOnExitTest" tests="1" failures="0" timestamp="6 Feb 2013 05:57:24 GMT" time="19.523" errors="0">
  <testcase name="clickOnExitTest_C15007" time="19.523" classname="com.YouMagicPro.LKS_tests.ClickOnExitTest"/>
</testsuite> <!-- com.YouMagicPro.LKS_tests.ClickOnExitTest -->
