<?xml version="1.0" encoding="UTF-8"?>
<!-- Generated by org.testng.reporters.JUnitReportReporter -->
<testsuite hostname="Z100107" name="com.YouMagicPro.LKS_tests.PhoneAddFiveNumbersForContactTest" tests="1" failures="0" timestamp="25 Jan 2013 07:18:50 GMT" time="79.716" errors="0">
  <testcase name="phoneAddGroupAndCancelTest" time="79.716" classname="com.YouMagicPro.LKS_tests.PhoneAddFiveNumbersForContactTest"/>
</testsuite> <!-- com.YouMagicPro.LKS_tests.PhoneAddFiveNumbersForContactTest -->
