<?xml version="1.0" encoding="UTF-8"?>
<!-- Generated by org.testng.reporters.JUnitReportReporter -->
<testsuite hostname="Z100107" name="com.YouMagicPro.LKA_tests.AddAndDeleteNoticesTest" tests="1" failures="0" timestamp="24 Jan 2013 12:06:33 GMT" time="34.323" errors="0">
  <testcase name="addAndDeleteNoticesTest_C15148" time="34.323" classname="com.YouMagicPro.LKA_tests.AddAndDeleteNoticesTest"/>
</testsuite> <!-- com.YouMagicPro.LKA_tests.AddAndDeleteNoticesTest -->
