<?xml version="1.0" encoding="UTF-8"?>
<!-- Generated by org.testng.reporters.JUnitReportReporter -->
<testsuite hostname="Z100107" name="com.YouMagicPro.LKA_tests.ContractMobileNumberFLTest" tests="1" failures="0" timestamp="25 Feb 2013 07:43:25 GMT" time="52.230" errors="0">
  <testcase name="contractMobileNumberFLTest_C32031" time="52.230" classname="com.YouMagicPro.LKA_tests.ContractMobileNumberFLTest"/>
</testsuite> <!-- com.YouMagicPro.LKA_tests.ContractMobileNumberFLTest -->
