<?xml version="1.0" encoding="UTF-8"?>
<!-- Generated by org.testng.reporters.JUnitReportReporter -->
<testsuite hostname="Z100107" name="com.YouMagicPro.LKA_tests.ContractFIOFLTest" tests="1" failures="0" timestamp="21 Feb 2013 08:58:51 GMT" time="31.338" errors="0">
  <testcase name="contractFIOFLTest_C32028" time="31.338" classname="com.YouMagicPro.LKA_tests.ContractFIOFLTest"/>
</testsuite> <!-- com.YouMagicPro.LKA_tests.ContractFIOFLTest -->
