<?xml version="1.0" encoding="UTF-8"?>
<!-- Generated by org.testng.reporters.JUnitReportReporter -->
<testsuite hostname="Z100107" name="com.YouMagicPro.LKS_tests.HistoryMobileNumberTest" tests="1" failures="0" timestamp="29 Jan 2013 09:27:09 GMT" time="31.896" errors="0">
  <testcase name="historyMobileNumberTest_C15274_C15174" time="31.896" classname="com.YouMagicPro.LKS_tests.HistoryMobileNumberTest"/>
</testsuite> <!-- com.YouMagicPro.LKS_tests.HistoryMobileNumberTest -->
