<?xml version="1.0" encoding="UTF-8"?>
<!-- Generated by org.testng.reporters.JUnitReportReporter -->
<testsuite hostname="Z100107" name="com.YouMagicPro.LKS_tests.PhoneAddNumberToContactTest" tests="1" failures="0" timestamp="7 Feb 2013 06:42:06 GMT" time="72.591" errors="0">
  <testcase name="phoneAddNumberToContactTest_C15321" time="72.591" classname="com.YouMagicPro.LKS_tests.PhoneAddNumberToContactTest"/>
</testsuite> <!-- com.YouMagicPro.LKS_tests.PhoneAddNumberToContactTest -->
