<?xml version="1.0" encoding="UTF-8"?>
<!-- Generated by org.testng.reporters.JUnitReportReporter -->
<testsuite hostname="Z100107" name="com.YouMagicPro.LKA_tests.OrderByEmailOrderWithoutDocTypeCheckedTest" tests="1" failures="0" timestamp="18 Feb 2013 08:17:43 GMT" time="34.969" errors="0">
  <testcase name="orderByEmailOrderWithoutDocTypeCheckedTest_C25656" time="34.969" classname="com.YouMagicPro.LKA_tests.OrderByEmailOrderWithoutDocTypeCheckedTest"/>
</testsuite> <!-- com.YouMagicPro.LKA_tests.OrderByEmailOrderWithoutDocTypeCheckedTest -->
