<?xml version="1.0" encoding="UTF-8"?>
<!-- Generated by org.testng.reporters.JUnitReportReporter -->
<testsuite hostname="Z100107" name="com.YouMagicPro.LKA_tests.GroupsCallQueueTest" tests="1" failures="0" timestamp="26 Mar 2013 06:59:47 GMT" time="38.503" errors="0">
  <testcase name="groupsCallQueueTest_C15190" time="38.503" classname="com.YouMagicPro.LKA_tests.GroupsCallQueueTest"/>
</testsuite> <!-- com.YouMagicPro.LKA_tests.GroupsCallQueueTest -->
