<?xml version="1.0" encoding="UTF-8"?>
<!-- Generated by org.testng.reporters.JUnitReportReporter -->
<testsuite hostname="Z100107" name="com.YouMagicPro.LKS_tests.SettingsDomainTest" tests="1" failures="0" timestamp="26 Mar 2013 11:15:52 GMT" time="17.429" errors="0">
  <testcase name="settingsDomainTest_C15280" time="17.429" classname="com.YouMagicPro.LKS_tests.SettingsDomainTest"/>
</testsuite> <!-- com.YouMagicPro.LKS_tests.SettingsDomainTest -->
