<?xml version="1.0" encoding="UTF-8"?>
<!-- Generated by org.testng.reporters.JUnitReportReporter -->
<testsuite hostname="Z100107" name="com.YouMagicPro.LKM_tests.IsAddNewClientButtonPresentTest" tests="1" failures="0" timestamp="26 Feb 2013 13:00:04 GMT" time="13.276" errors="0">
  <testcase name="isAddNewClientButtonPresentTest_C23923" time="13.276" classname="com.YouMagicPro.LKM_tests.IsAddNewClientButtonPresentTest"/>
</testsuite> <!-- com.YouMagicPro.LKM_tests.IsAddNewClientButtonPresentTest -->
