<?xml version="1.0" encoding="UTF-8"?>
<!-- Generated by org.testng.reporters.JUnitReportReporter -->
<testsuite hostname="Z100107" name="com.YouMagicPro.LKS_tests.HistoryCityNumberTest" tests="1" failures="0" timestamp="8 Feb 2013 05:59:35 GMT" time="46.337" errors="0">
  <testcase name="historyCityNumberTest_C15275" time="46.337" classname="com.YouMagicPro.LKS_tests.HistoryCityNumberTest"/>
</testsuite> <!-- com.YouMagicPro.LKS_tests.HistoryCityNumberTest -->
