<?xml version="1.0" encoding="UTF-8"?>
<!-- Generated by org.testng.reporters.JUnitReportReporter -->
<testsuite hostname="Z100107" name="com.YouMagicPro.LKA_tests.SupportChooseTopicWriteTextTest" tests="1" failures="0" timestamp="21 Jan 2013 09:21:07 GMT" time="37.900" errors="0">
  <testcase name="supportChooseTopicWriteTextTest_C15200" time="37.900" classname="com.YouMagicPro.LKA_tests.SupportChooseTopicWriteTextTest"/>
</testsuite> <!-- com.YouMagicPro.LKA_tests.SupportChooseTopicWriteTextTest -->
