<?xml version="1.0" encoding="UTF-8"?>
<!-- Generated by org.testng.reporters.JUnitReportReporter -->
<testsuite hostname="Z100107" name="com.YouMagicPro.LKA_tests.EmployeesAddEmployeeTest" tests="1" failures="0" timestamp="18 Feb 2013 08:01:10 GMT" time="28.430" errors="0">
  <testcase name="employeesEditProfileTest_C15253" time="28.430" classname="com.YouMagicPro.LKA_tests.EmployeesAddEmployeeTest"/>
</testsuite> <!-- com.YouMagicPro.LKA_tests.EmployeesAddEmployeeTest -->
