<?xml version="1.0" encoding="UTF-8"?>
<!-- Generated by org.testng.reporters.JUnitReportReporter -->
<testsuite hostname="Z100107" name="com.YouMagicPro.LKA_tests.ContractChooseBirthDateTest" tests="1" failures="0" timestamp="25 Feb 2013 08:37:07 GMT" time="51.864" errors="0">
  <testcase name="contractChooseBirthDateTest_C32037" time="51.864" classname="com.YouMagicPro.LKA_tests.ContractChooseBirthDateTest"/>
</testsuite> <!-- com.YouMagicPro.LKA_tests.ContractChooseBirthDateTest -->
