<?xml version="1.0" encoding="UTF-8"?>
<!-- Generated by org.testng.reporters.JUnitReportReporter -->
<testsuite hostname="RnD_CI_Windows" name="com.YouMagicPro.LKA_tests.SoundFilesPageTest" tests="1" failures="0" timestamp="27 Dec 2012 12:07:23 GMT" time="22.219" errors="0">
  <testcase name="soundFilesTest" time="22.219" classname="com.YouMagicPro.LKA_tests.SoundFilesPageTest"/>
</testsuite> <!-- com.YouMagicPro.LKA_tests.SoundFilesPageTest -->
