<?xml version="1.0" encoding="UTF-8"?>
<!-- Generated by org.testng.reporters.JUnitReportReporter -->
<testsuite hostname="Z100107" name="com.YouMagicPro.LKS_tests.PhoneSearchByNumbers" tests="1" failures="0" timestamp="8 Feb 2013 07:38:51 GMT" time="36.862" errors="0">
  <testcase name="phoneSearchByNumbers_C15337" time="36.862" classname="com.YouMagicPro.LKS_tests.PhoneSearchByNumbers"/>
</testsuite> <!-- com.YouMagicPro.LKS_tests.PhoneSearchByNumbers -->
