<?xml version="1.0" encoding="UTF-8"?>
<!-- Generated by org.testng.reporters.JUnitReportReporter -->
<testsuite hostname="Z100107" name="com.YouMagicPro.LKS_tests.SettingsPasswordTest" tests="1" failures="0" timestamp="6 Feb 2013 05:57:23 GMT" time="15.120" errors="0">
  <testcase name="settingsPasswordTest_C15279" time="15.120" classname="com.YouMagicPro.LKS_tests.SettingsPasswordTest"/>
</testsuite> <!-- com.YouMagicPro.LKS_tests.SettingsPasswordTest -->
