<?xml version="1.0" encoding="UTF-8"?>
<!-- Generated by org.testng.reporters.JUnitReportReporter -->
<testsuite hostname="Z100107" name="com.YouMagicPro.LKA_tests.GroupsAddManyEmployeesToGroupTest" tests="1" failures="0" timestamp="21 Jan 2013 09:38:10 GMT" time="49.551" errors="0">
  <testcase name="groupsAddManyEmployeesToGroupTest_C25638_C26769" time="49.551" classname="com.YouMagicPro.LKA_tests.GroupsAddManyEmployeesToGroupTest"/>
</testsuite> <!-- com.YouMagicPro.LKA_tests.GroupsAddManyEmployeesToGroupTest -->
