<?xml version="1.0" encoding="UTF-8"?>
<!-- Generated by org.testng.reporters.JUnitReportReporter -->
<testsuite hostname="Z100107" name="com.YouMagicPro.LKA_tests.BalanceExpensesForLastPeriodTest" tests="1" failures="0" timestamp="11 Jan 2013 05:54:51 GMT" time="7.913" errors="0">
  <testcase name="balanceExpensesForLastPeriodTest_C15092" time="7.913" classname="com.YouMagicPro.LKA_tests.BalanceExpensesForLastPeriodTest"/>
</testsuite> <!-- com.YouMagicPro.LKA_tests.BalanceExpensesForLastPeriodTest -->
