<?xml version="1.0" encoding="UTF-8"?>
<!-- Generated by org.testng.reporters.JUnitReportReporter -->
<testsuite hostname="Z100107" name="com.YouMagicPro.LKA_tests.VoiceMenuAddTest" tests="1" failures="0" timestamp="18 Jan 2013 08:27:01 GMT" time="27.151" errors="0">
  <testcase name="voiceMenuAddTest_C15292" time="27.151" classname="com.YouMagicPro.LKA_tests.VoiceMenuAddTest"/>
</testsuite> <!-- com.YouMagicPro.LKA_tests.VoiceMenuAddTest -->
