<?xml version="1.0" encoding="UTF-8"?>
<!-- Generated by org.testng.reporters.JUnitReportReporter -->
<testsuite hostname="Z100107" name="com.YouMagicPro.LKS_tests.HistoryNotFullNumberTest" tests="1" failures="0" timestamp="29 Jan 2013 07:52:43 GMT" time="26.595" errors="0">
  <testcase name="historyNotFullNumberTest_C15179" time="26.595" classname="com.YouMagicPro.LKS_tests.HistoryNotFullNumberTest"/>
</testsuite> <!-- com.YouMagicPro.LKS_tests.HistoryNotFullNumberTest -->
