<?xml version="1.0" encoding="UTF-8"?>
<!-- Generated by org.testng.reporters.JUnitReportReporter -->
<testsuite hostname="Z100107" name="com.YouMagicPro.LKA_tests.ContractFieldsFLTest" tests="1" failures="0" timestamp="22 Feb 2013 07:06:58 GMT" time="42.162" errors="0">
  <testcase name="contractFieldsFLTest_C32028_C32044" time="42.162" classname="com.YouMagicPro.LKA_tests.ContractFieldsFLTest"/>
</testsuite> <!-- com.YouMagicPro.LKA_tests.ContractFieldsFLTest -->
