<?xml version="1.0" encoding="UTF-8"?>
<!-- Generated by org.testng.reporters.JUnitReportReporter -->
<testsuite hostname="Z100107" name="com.YouMagicPro.authorization.AuthorizationAdminRememberPasswordTest" tests="1" failures="0" timestamp="20 Feb 2013 10:49:00 GMT" time="4.415" errors="0">
  <testcase name="authorizationNoPasswordTest_C14712" time="4.415" classname="com.YouMagicPro.authorization.AuthorizationAdminRememberPasswordTest"/>
</testsuite> <!-- com.YouMagicPro.authorization.AuthorizationAdminRememberPasswordTest -->
