<?xml version="1.0" encoding="UTF-8"?>
<!-- Generated by org.testng.reporters.JUnitReportReporter -->
<testsuite hostname="Z100107" name="com.YouMagicPro.LKS_tests.PhoneAddContactAndDeleteTest" tests="1" failures="0" timestamp="6 Feb 2013 05:57:24 GMT" time="37.009" errors="0">
  <testcase name="PhoneAddContactAndDeleteTest_C15324" time="37.009" classname="com.YouMagicPro.LKS_tests.PhoneAddContactAndDeleteTest"/>
</testsuite> <!-- com.YouMagicPro.LKS_tests.PhoneAddContactAndDeleteTest -->
