<?xml version="1.0" encoding="UTF-8"?>
<!-- Generated by org.testng.reporters.JUnitReportReporter -->
<testsuite hostname="Z100107" name="com.YouMagicPro.LKM_tests.PortaBlockStatusTest" tests="1" failures="0" timestamp="28 Feb 2013 09:08:50 GMT" time="22.822" errors="0">
  <testcase name="portaBlockStatusTest_C22640" time="22.822" classname="com.YouMagicPro.LKM_tests.PortaBlockStatusTest"/>
</testsuite> <!-- com.YouMagicPro.LKM_tests.PortaBlockStatusTest -->
