<?xml version="1.0" encoding="UTF-8"?>
<!-- Generated by org.testng.reporters.JUnitReportReporter -->
<testsuite hostname="Z100107" name="com.YouMagicPro.LKS_tests.AddAndDeleteContactTest" tests="1" failures="0" timestamp="11 Feb 2013 10:36:27 GMT" time="39.896" errors="0">
  <testcase name="addAndDeleteContactTest_C15324" time="39.896" classname="com.YouMagicPro.LKS_tests.AddAndDeleteContactTest"/>
</testsuite> <!-- com.YouMagicPro.LKS_tests.AddAndDeleteContactTest -->
