<?xml version="1.0" encoding="UTF-8"?>
<!-- Generated by org.testng.reporters.JUnitReportReporter -->
<testsuite hostname="Z100107" name="com.YouMagicPro.LKS_tests.CityAndYouMagicNumbersTest" tests="1" failures="0" timestamp="25 Jan 2013 11:21:24 GMT" time="18.214" errors="0">
  <testcase name="cityAndYouMagicNumbersTest_C15009" time="18.214" classname="com.YouMagicPro.LKS_tests.CityAndYouMagicNumbersTest"/>
</testsuite> <!-- com.YouMagicPro.LKS_tests.CityAndYouMagicNumbersTest -->
