<?xml version="1.0" encoding="UTF-8"?>
<!-- Generated by org.testng.reporters.JUnitReportReporter -->
<testsuite hostname="Z100107" name="com.YouMagicPro.LKS_tests.PhoneRenameGroupTest" tests="1" failures="0" timestamp="25 Jan 2013 11:07:32 GMT" time="37.743" errors="0">
  <testcase name="settingsPageTest" time="37.743" classname="com.YouMagicPro.LKS_tests.PhoneRenameGroupTest"/>
</testsuite> <!-- com.YouMagicPro.LKS_tests.PhoneRenameGroupTest -->
