<?xml version="1.0" encoding="UTF-8"?>
<!-- Generated by org.testng.reporters.JUnitReportReporter -->
<testsuite hostname="Z100107" name="com.YouMagicPro.LKA_tests.GroupsAddAndDeleteGroupTest" tests="1" failures="0" timestamp="14 Jan 2013 12:49:24 GMT" time="44.651" errors="0">
  <testcase name="GroupsAlertTest_C15184" time="44.651" classname="com.YouMagicPro.LKA_tests.GroupsAddAndDeleteGroupTest"/>
</testsuite> <!-- com.YouMagicPro.LKA_tests.GroupsAddAndDeleteGroupTest -->
