<?xml version="1.0" encoding="UTF-8"?>
<!-- Generated by org.testng.reporters.JUnitReportReporter -->
<testsuite hostname="Z100107" name="com.YouMagicPro.LKS_tests.SettingsNoPasswordsTest" tests="1" failures="0" timestamp="18 Feb 2013 09:06:47 GMT" time="39.010" errors="0">
  <testcase name="settingsNoPasswordsTest_C15283" time="39.010" classname="com.YouMagicPro.LKS_tests.SettingsNoPasswordsTest"/>
</testsuite> <!-- com.YouMagicPro.LKS_tests.SettingsNoPasswordsTest -->
