<?xml version="1.0" encoding="UTF-8"?>
<!-- Generated by org.testng.reporters.JUnitReportReporter -->
<testsuite hostname="Z100107" name="com.YouMagicPro.LKM_tests.RegistrationAccTypeCheckTest" tests="1" failures="0" timestamp="6 Mar 2013 12:05:58 GMT" time="42.542" errors="0">
  <testcase name="registrationAccTypeCheckTest_C32018" time="42.542" classname="com.YouMagicPro.LKM_tests.RegistrationAccTypeCheckTest"/>
</testsuite> <!-- com.YouMagicPro.LKM_tests.RegistrationAccTypeCheckTest -->
