<?xml version="1.0" encoding="UTF-8"?>
<!-- Generated by org.testng.reporters.JUnitReportReporter -->
<testsuite hostname="Z100107" name="com.YouMagicPro.LKA_tests.GroupsChangeInternalNumberTest" tests="1" failures="0" timestamp="21 Jan 2013 09:35:20 GMT" time="56.201" errors="0">
  <testcase name="groupsChangeInternalNumberTest_C15192" time="56.201" classname="com.YouMagicPro.LKA_tests.GroupsChangeInternalNumberTest"/>
</testsuite> <!-- com.YouMagicPro.LKA_tests.GroupsChangeInternalNumberTest -->
