<?xml version="1.0" encoding="UTF-8"?>
<!-- Generated by org.testng.reporters.JUnitReportReporter -->
<testsuite hostname="Z100107" name="com.YouMagicPro.LKA_tests.GroupsAlertTest" tests="1" failures="0" timestamp="14 Feb 2013 08:52:31 GMT" time="35.248" errors="0">
  <testcase name="groupsAlertTest_C15184" time="35.248" classname="com.YouMagicPro.LKA_tests.GroupsAlertTest"/>
</testsuite> <!-- com.YouMagicPro.LKA_tests.GroupsAlertTest -->
