<?xml version="1.0" encoding="UTF-8"?>
<!-- Generated by org.testng.reporters.JUnitReportReporter -->
<testsuite hostname="Z100107" name="com.YouMagicPro.LKA_tests.ExpenseStructureAdditionalNumbersFeeTest" tests="1" failures="0" timestamp="16 Jan 2013 13:42:49 GMT" time="7.791" errors="0">
  <testcase name="expenseStructureAdditionalNumbersFeeTest_C15096" time="7.791" classname="com.YouMagicPro.LKA_tests.ExpenseStructureAdditionalNumbersFeeTest"/>
</testsuite> <!-- com.YouMagicPro.LKA_tests.ExpenseStructureAdditionalNumbersFeeTest -->
