<?xml version="1.0" encoding="UTF-8"?>
<!-- Generated by org.testng.reporters.JUnitReportReporter -->
<testsuite hostname="Z100107" name="com.YouMagicPro.LKS_tests.SettingsPasswordCyrilicInFieldTest" tests="1" failures="0" timestamp="6 Feb 2013 05:57:24 GMT" time="36.499" errors="0">
  <testcase name="settingsPasswordCyrilicInFieldTest_C15291" time="36.499" classname="com.YouMagicPro.LKS_tests.SettingsPasswordCyrilicInFieldTest"/>
</testsuite> <!-- com.YouMagicPro.LKS_tests.SettingsPasswordCyrilicInFieldTest -->
