<?xml version="1.0" encoding="UTF-8"?>
<!-- Generated by org.testng.reporters.JUnitReportReporter -->
<testsuite hostname="Z100107" name="com.YouMagicPro.LKS_tests.LogoTest" tests="1" failures="0" timestamp="12 Feb 2013 10:00:31 GMT" time="11.858" errors="0">
  <testcase name="logoTest_C15010" time="11.858" classname="com.YouMagicPro.LKS_tests.LogoTest"/>
</testsuite> <!-- com.YouMagicPro.LKS_tests.LogoTest -->
