<?xml version="1.0" encoding="UTF-8"?>
<!-- Generated by org.testng.reporters.JUnitReportReporter -->
<testsuite hostname="Z100107" name="com.YouMagicPro.LKA_tests.GroupsAlertTest" tests="1" failures="0" timestamp="21 Jan 2013 11:28:17 GMT" time="27.992" errors="0">
  <testcase name="groupsAlertTest_C15184" time="27.992" classname="com.YouMagicPro.LKA_tests.GroupsAlertTest"/>
</testsuite> <!-- com.YouMagicPro.LKA_tests.GroupsAlertTest -->
