<?xml version="1.0" encoding="UTF-8"?>
<!-- Generated by org.testng.reporters.JUnitReportReporter -->
<testsuite hostname="Z100107" name="com.YouMagicPro.LKA_tests.ContractKppLettersAndNumbersTest" tests="1" failures="0" timestamp="4 Feb 2013 05:35:28 GMT" time="31.513" errors="0">
  <testcase name="contractKppTest_C15054" time="31.513" classname="com.YouMagicPro.LKA_tests.ContractKppLettersAndNumbersTest"/>
</testsuite> <!-- com.YouMagicPro.LKA_tests.ContractKppLettersAndNumbersTest -->
