<?xml version="1.0" encoding="UTF-8"?>
<!-- Generated by org.testng.reporters.JUnitReportReporter -->
<testsuite hostname="Z100107" name="com.YouMagicPro.LKS_tests.PhoneAddGroupAndCancelTest" tests="1" failures="0" timestamp="13 Feb 2013 07:10:37 GMT" time="23.615" errors="0">
  <testcase name="phoneAddGroupAndCancelTest_C15354" time="23.615" classname="com.YouMagicPro.LKS_tests.PhoneAddGroupAndCancelTest"/>
</testsuite> <!-- com.YouMagicPro.LKS_tests.PhoneAddGroupAndCancelTest -->
