<?xml version="1.0" encoding="UTF-8"?>
<!-- Generated by org.testng.reporters.JUnitReportReporter -->
<testsuite hostname="Z100107" name="com.YouMagicPro.LKA_tests.EmployeesEditPasswordTest" tests="1" failures="0" timestamp="17 Jan 2013 13:32:21 GMT" time="34.744" errors="0">
  <testcase name="employeesEditPasswordTest_C15265" time="34.744" classname="com.YouMagicPro.LKA_tests.EmployeesEditPasswordTest"/>
</testsuite> <!-- com.YouMagicPro.LKA_tests.EmployeesEditPasswordTest -->
