<?xml version="1.0" encoding="UTF-8"?>
<!-- Generated by org.testng.reporters.JUnitReportReporter -->
<testsuite hostname="Z100107" name="com.YouMagicPro.registration.RegistrationCancelVerificationButtonEmptyFieldTest" tests="1" failures="0" timestamp="20 Feb 2013 11:20:46 GMT" time="8.394" errors="0">
  <testcase name="registrationCancelVerificationButtonEmptyFieldTest_C14967" time="8.394" classname="com.YouMagicPro.registration.RegistrationCancelVerificationButtonEmptyFieldTest"/>
</testsuite> <!-- com.YouMagicPro.registration.RegistrationCancelVerificationButtonEmptyFieldTest -->
