<?xml version="1.0" encoding="UTF-8"?>
<!-- Generated by org.testng.reporters.JUnitReportReporter -->
<testsuite hostname="Z100107" name="com.YouMagicPro.authorization.AuthorizationAdminWrongLoginTest" tests="1" failures="0" timestamp="27 Mar 2013 07:04:46 GMT" time="4.688" errors="0">
  <testcase name="authorizationWrongLoginTest_C14708" time="4.688" classname="com.YouMagicPro.authorization.AuthorizationAdminWrongLoginTest"/>
</testsuite> <!-- com.YouMagicPro.authorization.AuthorizationAdminWrongLoginTest -->
