<?xml version="1.0" encoding="UTF-8"?>
<!-- Generated by org.testng.reporters.JUnitReportReporter -->
<testsuite hostname="Z100107" name="com.YouMagicPro.authorization.AuthorizationEmployeeNoLoginTest" tests="1" failures="0" timestamp="13 Feb 2013 05:37:15 GMT" time="5.245" errors="0">
  <testcase name="authorizationNoLoginTest_C14750" time="5.245" classname="com.YouMagicPro.authorization.AuthorizationEmployeeNoLoginTest"/>
</testsuite> <!-- com.YouMagicPro.authorization.AuthorizationEmployeeNoLoginTest -->
