<?xml version="1.0" encoding="UTF-8"?>
<!-- Generated by org.testng.reporters.JUnitReportReporter -->
<testsuite hostname="Z100107" name="com.YouMagicPro.LKA_tests.OrderToAdressCancelButtonClickTest" tests="1" failures="0" timestamp="4 Feb 2013 05:33:09 GMT" time="18.117" errors="0">
  <testcase name="orderToAdressCancelButtonClickTest_C25675" time="18.117" classname="com.YouMagicPro.LKA_tests.OrderToAdressCancelButtonClickTest"/>
</testsuite> <!-- com.YouMagicPro.LKA_tests.OrderToAdressCancelButtonClickTest -->
