<?xml version="1.0" encoding="UTF-8"?>
<!-- Generated by org.testng.reporters.JUnitReportReporter -->
<testsuite hostname="Z100107" name="com.YouMagicPro.LKA_tests.GroupsChangeNameTest" tests="1" failures="0" timestamp="21 Jan 2013 09:54:05 GMT" time="70.157" errors="0">
  <testcase name="groupsChangeNameTest_C15191" time="70.157" classname="com.YouMagicPro.LKA_tests.GroupsChangeNameTest"/>
</testsuite> <!-- com.YouMagicPro.LKA_tests.GroupsChangeNameTest -->
