<?xml version="1.0" encoding="UTF-8"?>
<!-- Generated by org.testng.reporters.JUnitReportReporter -->
<testsuite hostname="Z100107" name="com.YouMagicPro.LKA_tests.AgreementOPFTest" tests="1" failures="0" timestamp="14 Feb 2013 06:40:52 GMT" time="21.030" errors="0">
  <testcase name="agreementOPFTest_C14983" time="21.030" classname="com.YouMagicPro.LKA_tests.AgreementOPFTest"/>
</testsuite> <!-- com.YouMagicPro.LKA_tests.AgreementOPFTest -->
