<?xml version="1.0" encoding="UTF-8"?>
<!-- Generated by org.testng.reporters.JUnitReportReporter -->
<testsuite hostname="Z100107" name="com.YouMagicPro.LKM_tests.InviteStatusTest" tests="1" failures="0" timestamp="12 Mar 2013 11:25:51 GMT" time="40.171" errors="0">
  <testcase name="inviteStatusTest_C22641" time="40.171" classname="com.YouMagicPro.LKM_tests.InviteStatusTest"/>
</testsuite> <!-- com.YouMagicPro.LKM_tests.InviteStatusTest -->
