<?xml version="1.0" encoding="UTF-8"?>
<!-- Generated by org.testng.reporters.JUnitReportReporter -->
<testsuite hostname="Z100107" name="com.YouMagicPro.LKS_tests.SettingsPasswordOneFieldTest" tests="1" failures="0" timestamp="6 Feb 2013 05:57:23 GMT" time="35.875" errors="0">
  <testcase name="settingsPasswordOneFieldTest_C15288" time="35.875" classname="com.YouMagicPro.LKS_tests.SettingsPasswordOneFieldTest"/>
</testsuite> <!-- com.YouMagicPro.LKS_tests.SettingsPasswordOneFieldTest -->
