<?xml version="1.0" encoding="UTF-8"?>
<!-- Generated by org.testng.reporters.JUnitReportReporter -->
<testsuite hostname="Z100107" name="com.YouMagicPro.LKS_tests.PhoneSearchByNumbers" tests="1" failures="0" timestamp="4 Feb 2013 13:13:03 GMT" time="19.071" errors="0">
  <testcase name="phoneSearchByNumbers_C15337" time="19.071" classname="com.YouMagicPro.LKS_tests.PhoneSearchByNumbers"/>
</testsuite> <!-- com.YouMagicPro.LKS_tests.PhoneSearchByNumbers -->
