<?xml version="1.0" encoding="UTF-8"?>
<!-- Generated by org.testng.reporters.JUnitReportReporter -->
<testsuite hostname="Z100107" name="com.YouMagicPro.LKA_tests.VoiceMenuAddAddAndDeleteTest" tests="1" failures="0" timestamp="18 Feb 2013 10:05:12 GMT" time="35.456" errors="0">
  <testcase name="voiceMenuAddTest_C15292_C15332" time="35.456" classname="com.YouMagicPro.LKA_tests.VoiceMenuAddAddAndDeleteTest"/>
</testsuite> <!-- com.YouMagicPro.LKA_tests.VoiceMenuAddAddAndDeleteTest -->
