<?xml version="1.0" encoding="UTF-8"?>
<!-- Generated by org.testng.reporters.JUnitReportReporter -->
<testsuite hostname="Z100107" name="com.YouMagicPro.LKA_tests.GroupsAddOneEmployeeToGroupTest" tests="1" failures="0" timestamp="22 Jan 2013 06:35:27 GMT" time="44.320" errors="0">
  <testcase name="groupsAddOneEmployeeToGroupTest_C25637_C26769" time="44.320" classname="com.YouMagicPro.LKA_tests.GroupsAddOneEmployeeToGroupTest"/>
</testsuite> <!-- com.YouMagicPro.LKA_tests.GroupsAddOneEmployeeToGroupTest -->
