<?xml version="1.0" encoding="UTF-8"?>
<!-- Generated by org.testng.reporters.JUnitReportReporter -->
<testsuite hostname="Z100107" name="com.YouMagicPro.LKM_tests.NumbersOfClientsTest" tests="1" failures="0" timestamp="26 Feb 2013 13:14:45 GMT" time="13.862" errors="0">
  <testcase name="numbersOfClientsTest_C23924" time="13.862" classname="com.YouMagicPro.LKM_tests.NumbersOfClientsTest"/>
</testsuite> <!-- com.YouMagicPro.LKM_tests.NumbersOfClientsTest -->
