<?xml version="1.0" encoding="UTF-8"?>
<!-- Generated by org.testng.reporters.JUnitReportReporter -->
<testsuite hostname="Z100107" name="com.YouMagicPro.LKS_tests.ClickOnExitTest" tests="1" failures="0" timestamp="24 Jan 2013 13:14:49 GMT" time="18.057" errors="0">
  <testcase name="clickOnExitTest" time="18.057" classname="com.YouMagicPro.LKS_tests.ClickOnExitTest"/>
</testsuite> <!-- com.YouMagicPro.LKS_tests.ClickOnExitTest -->
