<?xml version="1.0" encoding="UTF-8"?>
<!-- Generated by org.testng.reporters.JUnitReportReporter -->
<testsuite hostname="Z100107" name="com.YouMagicPro.LKS_tests.SettingsRightPasswordChangeTest" tests="1" failures="0" timestamp="30 Jan 2013 05:51:11 GMT" time="24.534" errors="0">
  <testcase name="SettingsRightPasswordChangeTest" time="24.534" classname="com.YouMagicPro.LKS_tests.SettingsRightPasswordChangeTest"/>
</testsuite> <!-- com.YouMagicPro.LKS_tests.SettingsRightPasswordChangeTest -->
