<?xml version="1.0" encoding="UTF-8"?>
<!-- Generated by org.testng.reporters.JUnitReportReporter -->
<testsuite hostname="Z100107" name="com.YouMagicPro.LKA_tests.EmployeesEditProfile2SymbolsInTextFieldTest" tests="1" failures="0" timestamp="15 Jan 2013 10:26:40 GMT" time="23.759" errors="0">
  <testcase name="employeesEditProfile2SymbolsInTextFieldTest_C15253" time="23.759" classname="com.YouMagicPro.LKA_tests.EmployeesEditProfile2SymbolsInTextFieldTest"/>
</testsuite> <!-- com.YouMagicPro.LKA_tests.EmployeesEditProfile2SymbolsInTextFieldTest -->
