<?xml version="1.0" encoding="UTF-8"?>
<!-- Generated by org.testng.reporters.JUnitReportReporter -->
<testsuite hostname="Z100107" name="com.YouMagicPro.LKS_tests.HistoryNotFullNumberTest" tests="1" failures="0" timestamp="10 Apr 2013 08:58:55 GMT" time="62.748" errors="0">
  <testcase name="historyNotFullNumberTest_C15179" time="62.748" classname="com.YouMagicPro.LKS_tests.HistoryNotFullNumberTest"/>
</testsuite> <!-- com.YouMagicPro.LKS_tests.HistoryNotFullNumberTest -->
