<?xml version="1.0" encoding="UTF-8"?>
<!-- Generated by org.testng.reporters.JUnitReportReporter -->
<testsuite hostname="Z100107" name="com.YouMagicPro.LKS_tests.SettingsNoPasswordsTest" tests="1" failures="0" timestamp="30 Jan 2013 06:39:51 GMT" time="24.109" errors="0">
  <testcase name="settingsNoPasswordsTest_C15283" time="24.109" classname="com.YouMagicPro.LKS_tests.SettingsNoPasswordsTest"/>
</testsuite> <!-- com.YouMagicPro.LKS_tests.SettingsNoPasswordsTest -->
