<?xml version="1.0" encoding="UTF-8"?>
<!-- Generated by org.testng.reporters.JUnitReportReporter -->
<testsuite hostname="Z100107" name="com.YouMagicPro.registration.RegistrationCancelVerificationButtonEmptyFieldTest" tests="1" failures="0" timestamp="4 Feb 2013 06:52:48 GMT" time="4.446" errors="0">
  <testcase name="registrationCancelVerificationButtonEmptyFieldTest_C14967" time="4.446" classname="com.YouMagicPro.registration.RegistrationCancelVerificationButtonEmptyFieldTest"/>
</testsuite> <!-- com.YouMagicPro.registration.RegistrationCancelVerificationButtonEmptyFieldTest -->
