<?xml version="1.0" encoding="UTF-8"?>
<!-- Generated by org.testng.reporters.JUnitReportReporter -->
<testsuite hostname="Z100107" name="com.YouMagicPro.LKA_tests.GroupsChangeCallQueueTest" tests="1" failures="0" timestamp="21 Jan 2013 11:32:00 GMT" time="60.804" errors="0">
  <testcase name="groupsChangeCallQueueTest_C15193" time="60.804" classname="com.YouMagicPro.LKA_tests.GroupsChangeCallQueueTest"/>
</testsuite> <!-- com.YouMagicPro.LKA_tests.GroupsChangeCallQueueTest -->
