<?xml version="1.0" encoding="UTF-8"?>
<!-- Generated by org.testng.reporters.JUnitReportReporter -->
<testsuite hostname="Z100107" name="com.YouMagicPro.LKS_tests.PhoneFirstAndLastNamePresentTest" tests="1" failures="0" timestamp="6 Feb 2013 05:57:24 GMT" time="15.234" errors="0">
  <testcase name="phoneFirstAndLastNamePresentTest_C15317" time="15.234" classname="com.YouMagicPro.LKS_tests.PhoneFirstAndLastNamePresentTest"/>
</testsuite> <!-- com.YouMagicPro.LKS_tests.PhoneFirstAndLastNamePresentTest -->
