<?xml version="1.0" encoding="UTF-8"?>
<!-- Generated by org.testng.reporters.JUnitReportReporter -->
<testsuite hostname="Z100107" name="com.YouMagicPro.authorization.AuthorizationAdminNoFieldsFilledTest" tests="1" failures="0" timestamp="27 Dec 2012 12:52:02 GMT" time="6.177" errors="0">
  <testcase name="authorizationNoLoginTest" time="6.177" classname="com.YouMagicPro.authorization.AuthorizationAdminNoFieldsFilledTest"/>
</testsuite> <!-- com.YouMagicPro.authorization.AuthorizationAdminNoFieldsFilledTest -->
