<?xml version="1.0" encoding="UTF-8"?>
<!-- Generated by org.testng.reporters.JUnitReportReporter -->
<testsuite hostname="Z100107" name="com.YouMagicPro.LKA_tests.VoiceMenuSetNumber1ToEmployeeTest" tests="1" failures="0" timestamp="18 Jan 2013 08:42:26 GMT" time="34.556" errors="0">
  <testcase name="voiceMenuSetNumber1ToEmployeeTest_C15341" time="34.556" classname="com.YouMagicPro.LKA_tests.VoiceMenuSetNumber1ToEmployeeTest"/>
</testsuite> <!-- com.YouMagicPro.LKA_tests.VoiceMenuSetNumber1ToEmployeeTest -->
