<?xml version="1.0" encoding="UTF-8"?>
<!-- Generated by org.testng.reporters.JUnitReportReporter -->
<testsuite hostname="Z100107" name="com.YouMagicPro.LKS_tests.HistorySwitchOnlyYearAndMonth" tests="1" failures="0" timestamp="6 Feb 2013 05:57:23 GMT" time="15.358" errors="0">
  <testcase name="historyPageTest" time="15.358" classname="com.YouMagicPro.LKS_tests.HistorySwitchOnlyYearAndMonth"/>
</testsuite> <!-- com.YouMagicPro.LKS_tests.HistorySwitchOnlyYearAndMonth -->
