<?xml version="1.0" encoding="UTF-8"?>
<!-- Generated by org.testng.reporters.JUnitReportReporter -->
<testsuite hostname="Z100107" name="com.YouMagicPro.LKS_tests.SettingsDomainTest" tests="1" failures="0" timestamp="27 Mar 2013 09:26:38 GMT" time="19.374" errors="0">
  <testcase name="settingsDomainTest_C15280" time="19.374" classname="com.YouMagicPro.LKS_tests.SettingsDomainTest"/>
</testsuite> <!-- com.YouMagicPro.LKS_tests.SettingsDomainTest -->
