<?xml version="1.0" encoding="UTF-8"?>
<!-- Generated by org.testng.reporters.JUnitReportReporter -->
<testsuite hostname="Z100107" name="com.YouMagicPro.LKS_tests.SettingsWrongOldPasswordTest" tests="1" failures="0" timestamp="30 Jan 2013 06:00:28 GMT" time="22.931" errors="0">
  <testcase name="SettingsWrongOldPasswordTest_C15283" time="22.931" classname="com.YouMagicPro.LKS_tests.SettingsWrongOldPasswordTest"/>
</testsuite> <!-- com.YouMagicPro.LKS_tests.SettingsWrongOldPasswordTest -->
