<?xml version="1.0" encoding="UTF-8"?>
<!-- Generated by org.testng.reporters.JUnitReportReporter -->
<testsuite hostname="Z100107" name="com.YouMagicPro.authorization.AuthorizationAdminWrongPasswordTest" tests="1" failures="0" timestamp="22 Jan 2013 05:36:45 GMT" time="4.256" errors="0">
  <testcase name="authorizationWrongLoginTest_C14711" time="4.256" classname="com.YouMagicPro.authorization.AuthorizationAdminWrongPasswordTest"/>
</testsuite> <!-- com.YouMagicPro.authorization.AuthorizationAdminWrongPasswordTest -->
