<?xml version="1.0" encoding="UTF-8"?>
<!-- Generated by org.testng.reporters.JUnitReportReporter -->
<testsuite hostname="Z100107" name="com.YouMagicPro.LKS_tests.PhoneAddNumbersForContactAndDeleteTest" tests="1" failures="0" timestamp="4 Feb 2013 13:07:46 GMT" time="44.233" errors="0">
  <testcase name="phoneAddNumbersForContactAndDeleteTest_C15322" time="44.233" classname="com.YouMagicPro.LKS_tests.PhoneAddNumbersForContactAndDeleteTest"/>
</testsuite> <!-- com.YouMagicPro.LKS_tests.PhoneAddNumbersForContactAndDeleteTest -->
