<?xml version="1.0" encoding="UTF-8"?>
<!-- Generated by org.testng.reporters.JUnitReportReporter -->
<testsuite hostname="Z100107" name="com.YouMagicPro.LKS_tests.PhoneCreateEmptyNameGroupTest" tests="1" failures="0" timestamp="6 Feb 2013 05:57:24 GMT" time="33.430" errors="0">
  <testcase name="phoneCreateAndDeleteGroupTest_C15327" time="33.430" classname="com.YouMagicPro.LKS_tests.PhoneCreateEmptyNameGroupTest"/>
</testsuite> <!-- com.YouMagicPro.LKS_tests.PhoneCreateEmptyNameGroupTest -->
