<?xml version="1.0" encoding="UTF-8"?>
<!-- Generated by org.testng.reporters.JUnitReportReporter -->
<testsuite hostname="Z100107" name="com.YouMagicPro.LKA_tests.EmployeesEditInternalNumberTest" tests="1" failures="0" timestamp="18 Feb 2013 08:31:33 GMT" time="39.264" errors="0">
  <testcase name="employeesEditInternalNumberTest_C15254" time="39.264" classname="com.YouMagicPro.LKA_tests.EmployeesEditInternalNumberTest"/>
</testsuite> <!-- com.YouMagicPro.LKA_tests.EmployeesEditInternalNumberTest -->
