<?xml version="1.0" encoding="UTF-8"?>
<!-- Generated by org.testng.reporters.JUnitReportReporter -->
<testsuite hostname="RnD_CI_Windows" name="com.YouMagicPro.LKA_tests.AddAndDeleteMenusTest" tests="1" failures="0" timestamp="27 Dec 2012 09:00:46 GMT" time="63.625" errors="0">
  <testcase name="addAndDeleteMenusTest" time="63.625" classname="com.YouMagicPro.LKA_tests.AddAndDeleteMenusTest"/>
</testsuite> <!-- com.YouMagicPro.LKA_tests.AddAndDeleteMenusTest -->
