<?xml version="1.0" encoding="UTF-8"?>
<!-- Generated by org.testng.reporters.JUnitReportReporter -->
<testsuite hostname="Z100107" name="com.YouMagicPro.LKA_tests.EmployeesEditProfileTest" tests="1" failures="0" timestamp="5 Feb 2013 10:10:30 GMT" time="21.734" errors="0">
  <testcase name="employeesEditProfileTest_C15253" time="21.734" classname="com.YouMagicPro.LKA_tests.EmployeesEditProfileTest"/>
</testsuite> <!-- com.YouMagicPro.LKA_tests.EmployeesEditProfileTest -->
