<?xml version="1.0" encoding="UTF-8"?>
<!-- Generated by org.testng.reporters.JUnitReportReporter -->
<testsuite hostname="Z100107" name="com.YouMagicPro.LKS_tests.SettingsPasswordOneFieldTest" tests="1" failures="0" timestamp="30 Jan 2013 08:21:57 GMT" time="36.135" errors="0">
  <testcase name="settingsPasswordOneFieldTest_C15288" time="36.135" classname="com.YouMagicPro.LKS_tests.SettingsPasswordOneFieldTest"/>
</testsuite> <!-- com.YouMagicPro.LKS_tests.SettingsPasswordOneFieldTest -->
