<?xml version="1.0" encoding="UTF-8"?>
<!-- Generated by org.testng.reporters.JUnitReportReporter -->
<testsuite hostname="Z100107" name="com.YouMagicPro.LKA_tests.YourNumbersAddNewNumberTest" tests="1" failures="0" timestamp="14 Jan 2013 08:37:52 GMT" time="21.104" errors="0">
  <testcase name="yourNumbersAddNewNumberTest_C15293" time="21.104" classname="com.YouMagicPro.LKA_tests.YourNumbersAddNewNumberTest"/>
</testsuite> <!-- com.YouMagicPro.LKA_tests.YourNumbersAddNewNumberTest -->
