<?xml version="1.0" encoding="UTF-8"?>
<!-- Generated by org.testng.reporters.JUnitReportReporter -->
<testsuite hostname="Z100107" name="com.YouMagicPro.LKS_tests.SettingsYourYMNumber" tests="1" failures="0" timestamp="6 Feb 2013 05:57:24 GMT" time="15.128" errors="0">
  <testcase name="settingsYourYMNumber_C15278" time="15.128" classname="com.YouMagicPro.LKS_tests.SettingsYourYMNumber"/>
</testsuite> <!-- com.YouMagicPro.LKS_tests.SettingsYourYMNumber -->
