<?xml version="1.0" encoding="UTF-8"?>
<!-- Generated by org.testng.reporters.JUnitReportReporter -->
<testsuite hostname="Z100107" name="com.YouMagicPro.LKM_tests.RegistrationAccTypeCheckTest" tests="1" failures="0" timestamp="27 Feb 2013 12:34:41 GMT" time="28.414" errors="0">
  <testcase name="registrationAccTypeCheckTest_C32018" time="28.414" classname="com.YouMagicPro.LKM_tests.RegistrationAccTypeCheckTest"/>
</testsuite> <!-- com.YouMagicPro.LKM_tests.RegistrationAccTypeCheckTest -->
