<?xml version="1.0" encoding="UTF-8"?>
<!-- Generated by org.testng.reporters.JUnitReportReporter -->
<testsuite hostname="Z100107" name="com.YouMagicPro.LKA_tests.PasswordNoMatchTest" tests="1" failures="0" timestamp="4 Feb 2013 05:51:02 GMT" time="21.743" errors="0">
  <testcase name="PasswordNoMatchTest_C27054" time="21.743" classname="com.YouMagicPro.LKA_tests.PasswordNoMatchTest"/>
</testsuite> <!-- com.YouMagicPro.LKA_tests.PasswordNoMatchTest -->
