<?xml version="1.0" encoding="UTF-8"?>
<!-- Generated by org.testng.reporters.JUnitReportReporter -->
<testsuite hostname="Z100107" name="com.YouMagicPro.LKS_tests.SettingsPasswordSymbolsInFieldTest" tests="1" failures="0" timestamp="30 Jan 2013 08:35:45 GMT" time="36.330" errors="0">
  <testcase name="settingsPasswordSymbolsInFieldTest_C15290" time="36.330" classname="com.YouMagicPro.LKS_tests.SettingsPasswordSymbolsInFieldTest"/>
</testsuite> <!-- com.YouMagicPro.LKS_tests.SettingsPasswordSymbolsInFieldTest -->
