<?xml version="1.0" encoding="UTF-8"?>
<!-- Generated by org.testng.reporters.JUnitReportReporter -->
<testsuite hostname="Z100107" name="com.YouMagicPro.LKS_tests.CallForwardingAddAndDeleteNumberTest" tests="1" failures="0" timestamp="6 Feb 2013 05:57:24 GMT" time="27.375" errors="0">
  <testcase name="callForwardingAddAndDeleteNumberTest_C15076_C15077" time="27.375" classname="com.YouMagicPro.LKS_tests.CallForwardingAddAndDeleteNumberTest"/>
</testsuite> <!-- com.YouMagicPro.LKS_tests.CallForwardingAddAndDeleteNumberTest -->
