<?xml version="1.0" encoding="UTF-8"?>
<!-- Generated by org.testng.reporters.JUnitReportReporter -->
<testsuite hostname="Z100107" name="com.YouMagicPro.LKA_tests.ContractFieldsFillAndCancelFLTest" tests="1" failures="0" timestamp="6 Mar 2013 13:52:03 GMT" time="53.103" errors="0">
  <testcase name="contractFieldsFillAndCancelFLTest_C32047" time="53.103" classname="com.YouMagicPro.LKA_tests.ContractFieldsFillAndCancelFLTest"/>
</testsuite> <!-- com.YouMagicPro.LKA_tests.ContractFieldsFillAndCancelFLTest -->
