<?xml version="1.0" encoding="UTF-8"?>
<!-- Generated by org.testng.reporters.JUnitReportReporter -->
<testsuite hostname="Z100107" name="com.YouMagicPro.LKA_tests.GroupsAddManyEmployeesToGroupCancelTest" tests="1" failures="0" timestamp="17 Jan 2013 08:33:18 GMT" time="29.835" errors="0">
  <testcase name="groupsAddManyEmployeesToGroupCancelTest_C25640" time="29.835" classname="com.YouMagicPro.LKA_tests.GroupsAddManyEmployeesToGroupCancelTest"/>
</testsuite> <!-- com.YouMagicPro.LKA_tests.GroupsAddManyEmployeesToGroupCancelTest -->
