<?xml version="1.0" encoding="UTF-8"?>
<!-- Generated by org.testng.reporters.JUnitReportReporter -->
<testsuite hostname="Z100107" name="com.YouMagicPro.LKA_tests.ContractEndOfPageDataTest" tests="1" failures="0" timestamp="11 Apr 2013 07:30:52 GMT" time="36.516" errors="0">
  <testcase name="contractEndOfPageDataTest_C15062" time="36.516" classname="com.YouMagicPro.LKA_tests.ContractEndOfPageDataTest"/>
</testsuite> <!-- com.YouMagicPro.LKA_tests.ContractEndOfPageDataTest -->
