<?xml version="1.0" encoding="UTF-8"?>
<!-- Generated by org.testng.reporters.JUnitReportReporter -->
<testsuite hostname="Z100107" name="com.YouMagicPro.LKA_tests.GroupsAverageLengthOfTalkTest" tests="1" failures="0" timestamp="21 Jan 2013 09:55:08 GMT" time="38.216" errors="0">
  <testcase name="groupsMiddleLengthOfTalkTest_C25633" time="38.216" classname="com.YouMagicPro.LKA_tests.GroupsAverageLengthOfTalkTest"/>
</testsuite> <!-- com.YouMagicPro.LKA_tests.GroupsAverageLengthOfTalkTest -->
