<?xml version="1.0" encoding="UTF-8"?>
<!-- Generated by org.testng.reporters.JUnitReportReporter -->
<testsuite hostname="Z100107" name="com.YouMagicPro.LKA_tests.EmployeesFiveFreeNumbersTest" tests="1" failures="0" timestamp="18 Feb 2013 08:41:03 GMT" time="28.477" errors="0">
  <testcase name="employeesFiveFreeNumbersTest_C15251" time="28.477" classname="com.YouMagicPro.LKA_tests.EmployeesFiveFreeNumbersTest"/>
</testsuite> <!-- com.YouMagicPro.LKA_tests.EmployeesFiveFreeNumbersTest -->
