<?xml version="1.0" encoding="UTF-8"?>
<!-- Generated by org.testng.reporters.JUnitReportReporter -->
<testsuite hostname="Z100107" name="com.YouMagicPro.LKA_tests.BalancePaymentsForLastPeriodTest" tests="1" failures="0" timestamp="11 Jan 2013 06:18:09 GMT" time="13.194" errors="0">
  <testcase name="balancePaymentsForLastPeriodTest_15093" time="13.194" classname="com.YouMagicPro.LKA_tests.BalancePaymentsForLastPeriodTest"/>
</testsuite> <!-- com.YouMagicPro.LKA_tests.BalancePaymentsForLastPeriodTest -->
