<?xml version="1.0" encoding="UTF-8"?>
<!-- Generated by org.testng.reporters.JUnitReportReporter -->
<testsuite hostname="Z100107" name="com.YouMagicPro.LKS_tests.HistoryFullNumberTest" tests="1" failures="0" timestamp="10 Apr 2013 08:57:25 GMT" time="63.371" errors="0">
  <testcase name="historyFullNumberTest_C15177" time="63.371" classname="com.YouMagicPro.LKS_tests.HistoryFullNumberTest"/>
</testsuite> <!-- com.YouMagicPro.LKS_tests.HistoryFullNumberTest -->
