<?xml version="1.0" encoding="UTF-8"?>
<!-- Generated by org.testng.reporters.JUnitReportReporter -->
<testsuite hostname="Z100107" name="com.YouMagicPro.LKA_tests.ClickOnInternalNumbersTest" tests="1" failures="0" timestamp="14 Feb 2013 06:42:41 GMT" time="21.492" errors="0">
  <testcase name="clickOnInternalNumbersTest" time="21.492" classname="com.YouMagicPro.LKA_tests.ClickOnInternalNumbersTest"/>
</testsuite> <!-- com.YouMagicPro.LKA_tests.ClickOnInternalNumbersTest -->
