<?xml version="1.0" encoding="UTF-8"?>
<!-- Generated by org.testng.reporters.JUnitReportReporter -->
<testsuite hostname="Z100107" name="com.YouMagicPro.LKA_tests.VoiceMailPageTest" tests="1" failures="0" timestamp="15 Jan 2013 05:15:00 GMT" time="27.964" errors="0">
  <testcase name="voiceMailPageTest" time="27.964" classname="com.YouMagicPro.LKA_tests.VoiceMailPageTest"/>
</testsuite> <!-- com.YouMagicPro.LKA_tests.VoiceMailPageTest -->
