<?xml version="1.0" encoding="UTF-8"?>
<!-- Generated by org.testng.reporters.JUnitReportReporter -->
<testsuite hostname="Z100107" name="com.YouMagicPro.LKA_tests.GroupsChangeNameTest" tests="1" failures="0" timestamp="17 Jan 2013 07:34:36 GMT" time="41.164" errors="0">
  <testcase name="groupsChangeNameTest_C15191" time="41.164" classname="com.YouMagicPro.LKA_tests.GroupsChangeNameTest"/>
</testsuite> <!-- com.YouMagicPro.LKA_tests.GroupsChangeNameTest -->
