<?xml version="1.0" encoding="UTF-8"?>
<!-- Generated by org.testng.reporters.JUnitReportReporter -->
<testsuite hostname="Z100107" name="com.YouMagicPro.LKS_tests.PhoneChangeContactFirstNameTest" tests="1" failures="0" timestamp="11 Feb 2013 08:39:13 GMT" time="43.567" errors="0">
  <testcase name="ChangeContactFirstNameTest" time="43.567" classname="com.YouMagicPro.LKS_tests.PhoneChangeContactFirstNameTest"/>
</testsuite> <!-- com.YouMagicPro.LKS_tests.PhoneChangeContactFirstNameTest -->
