<?xml version="1.0" encoding="UTF-8"?>
<!-- Generated by org.testng.reporters.JUnitReportReporter -->
<testsuite hostname="Z100107" name="com.YouMagicPro.LKS_tests.HistorySwitchOnlyYearAndMonth" tests="1" failures="0" timestamp="7 Feb 2013 12:31:27 GMT" time="26.339" errors="0">
  <testcase name="historyPageTest" time="26.339" classname="com.YouMagicPro.LKS_tests.HistorySwitchOnlyYearAndMonth"/>
</testsuite> <!-- com.YouMagicPro.LKS_tests.HistorySwitchOnlyYearAndMonth -->
