<?xml version="1.0" encoding="UTF-8"?>
<!-- Generated by org.testng.reporters.JUnitReportReporter -->
<testsuite hostname="Z100107" name="com.YouMagicPro.LKS_tests.SettingsRightOldPasswordNewPasswordsNotMatchTest" tests="1" failures="0" timestamp="30 Jan 2013 06:08:56 GMT" time="22.934" errors="0">
  <testcase name="SettingsRightOldPasswordNewPasswordsNotMatchTest_C15283" time="22.934" classname="com.YouMagicPro.LKS_tests.SettingsRightOldPasswordNewPasswordsNotMatchTest"/>
</testsuite> <!-- com.YouMagicPro.LKS_tests.SettingsRightOldPasswordNewPasswordsNotMatchTest -->
