<?xml version="1.0" encoding="UTF-8"?>
<!-- Generated by org.testng.reporters.JUnitReportReporter -->
<testsuite hostname="Z100107" name="com.YouMagicPro.LKM_tests.IsManageAccessLinkPresentTest" tests="1" failures="0" timestamp="27 Feb 2013 06:48:02 GMT" time="8.779" errors="0">
  <testcase name="isManageAccessLinkPresentTest_C22606" time="8.779" classname="com.YouMagicPro.LKM_tests.IsManageAccessLinkPresentTest"/>
</testsuite> <!-- com.YouMagicPro.LKM_tests.IsManageAccessLinkPresentTest -->
