<?xml version="1.0" encoding="UTF-8"?>
<!-- Generated by org.testng.reporters.JUnitReportReporter -->
<testsuite hostname="Z100107" name="com.YouMagicPro.LKS_tests.PhoneAddGroupWithEmptyNameTest" tests="1" failures="0" timestamp="31 Jan 2013 12:39:56 GMT" time="21.795" errors="0">
  <testcase name="PhoneAddGroupWithEmptyNameTest_C15327" time="21.795" classname="com.YouMagicPro.LKS_tests.PhoneAddGroupWithEmptyNameTest"/>
</testsuite> <!-- com.YouMagicPro.LKS_tests.PhoneAddGroupWithEmptyNameTest -->
