<?xml version="1.0" encoding="UTF-8"?>
<!-- Generated by org.testng.reporters.JUnitReportReporter -->
<testsuite hostname="Z100107" name="com.YouMagicPro.LKA_tests.GroupsAddEmployeeIconClickTest" tests="1" failures="0" timestamp="14 Feb 2013 06:17:47 GMT" time="40.699" errors="0">
  <testcase name="groupsAddAndDeleteEmployeeTest_C25636" time="40.699" classname="com.YouMagicPro.LKA_tests.GroupsAddEmployeeIconClickTest"/>
</testsuite> <!-- com.YouMagicPro.LKA_tests.GroupsAddEmployeeIconClickTest -->
