<?xml version="1.0" encoding="UTF-8"?>
<!-- Generated by org.testng.reporters.JUnitReportReporter -->
<testsuite hostname="Z100107" name="com.YouMagicPro.LKS_tests.PhoneCreateEmptyNameGroupTest" tests="1" failures="0" timestamp="11 Feb 2013 08:40:30 GMT" time="36.344" errors="0">
  <testcase name="phoneCreateAndDeleteGroupTest_C15327" time="36.344" classname="com.YouMagicPro.LKS_tests.PhoneCreateEmptyNameGroupTest"/>
</testsuite> <!-- com.YouMagicPro.LKS_tests.PhoneCreateEmptyNameGroupTest -->
