<?xml version="1.0" encoding="UTF-8"?>
<!-- Generated by org.testng.reporters.JUnitReportReporter -->
<testsuite hostname="Z100107" name="com.YouMagicPro.LKS_tests.CallForwardingAddAndDeleteNumberTest" tests="1" failures="0" timestamp="13 Mar 2013 07:35:58 GMT" time="48.399" errors="0">
  <testcase name="callForwardingAddAndDeleteNumberTest_C15076_C15077" time="48.399" classname="com.YouMagicPro.LKS_tests.CallForwardingAddAndDeleteNumberTest"/>
</testsuite> <!-- com.YouMagicPro.LKS_tests.CallForwardingAddAndDeleteNumberTest -->
