<?xml version="1.0" encoding="UTF-8"?>
<!-- Generated by org.testng.reporters.JUnitReportReporter -->
<testsuite hostname="Z100107" name="com.YouMagicPro.LKS_tests.HistorySwitchOnlyYearAndMonth" tests="1" failures="0" timestamp="25 Jan 2013 07:12:24 GMT" time="19.906" errors="0">
  <testcase name="historyPageTest" time="19.906" classname="com.YouMagicPro.LKS_tests.HistorySwitchOnlyYearAndMonth"/>
</testsuite> <!-- com.YouMagicPro.LKS_tests.HistorySwitchOnlyYearAndMonth -->
