<?xml version="1.0" encoding="UTF-8"?>
<!-- Generated by org.testng.reporters.JUnitReportReporter -->
<testsuite hostname="Z100107" name="com.YouMagicPro.LKS_tests.SettingsPasswordSpaceInFieldTest" tests="1" failures="0" timestamp="6 Feb 2013 05:57:24 GMT" time="35.805" errors="0">
  <testcase name="settingsPasswordSpaceInFieldTest_C15289" time="35.805" classname="com.YouMagicPro.LKS_tests.SettingsPasswordSpaceInFieldTest"/>
</testsuite> <!-- com.YouMagicPro.LKS_tests.SettingsPasswordSpaceInFieldTest -->
