<?xml version="1.0" encoding="UTF-8"?>
<!-- Generated by org.testng.reporters.JUnitReportReporter -->
<testsuite hostname="Z100107" name="com.YouMagicPro.LKS_tests.PhoneAddGroupAndCancelTest" tests="1" failures="0" timestamp="6 Feb 2013 05:57:23 GMT" time="18.757" errors="0">
  <testcase name="phoneAddGroupAndCancelTest_C15354" time="18.757" classname="com.YouMagicPro.LKS_tests.PhoneAddGroupAndCancelTest"/>
</testsuite> <!-- com.YouMagicPro.LKS_tests.PhoneAddGroupAndCancelTest -->
