<?xml version="1.0" encoding="UTF-8"?>
<!-- Generated by org.testng.reporters.JUnitReportReporter -->
<testsuite hostname="Z100107" name="com.YouMagicPro.LKA_tests.GroupsChangeCallQueueTest" tests="1" failures="0" timestamp="17 Jan 2013 07:32:10 GMT" time="35.516" errors="0">
  <testcase name="groupsChangeCallQueueTest_C15193" time="35.516" classname="com.YouMagicPro.LKA_tests.GroupsChangeCallQueueTest"/>
</testsuite> <!-- com.YouMagicPro.LKA_tests.GroupsChangeCallQueueTest -->
