<?xml version="1.0" encoding="UTF-8"?>
<!-- Generated by org.testng.reporters.JUnitReportReporter -->
<testsuite hostname="Z100107" name="com.YouMagicPro.LKA_tests.ContractNoFieldsFLTest" tests="1" failures="0" timestamp="25 Feb 2013 08:39:27 GMT" time="44.554" errors="0">
  <testcase name="contractNoFieldsFLTest_C32044" time="44.554" classname="com.YouMagicPro.LKA_tests.ContractNoFieldsFLTest"/>
</testsuite> <!-- com.YouMagicPro.LKA_tests.ContractNoFieldsFLTest -->
