<?xml version="1.0" encoding="UTF-8"?>
<!-- Generated by org.testng.reporters.JUnitReportReporter -->
<testsuite hostname="Z100107" name="com.YouMagicPro.LKA_tests.ContractCorAccountLettersAndNumbersTextFieldTest" tests="1" failures="0" timestamp="4 Feb 2013 05:32:31 GMT" time="26.246" errors="0">
  <testcase name="contractCorAccountTenInTextFieldTest_C15000" time="26.246" classname="com.YouMagicPro.LKA_tests.ContractCorAccountLettersAndNumbersTextFieldTest"/>
</testsuite> <!-- com.YouMagicPro.LKA_tests.ContractCorAccountLettersAndNumbersTextFieldTest -->
