<?xml version="1.0" encoding="UTF-8"?>
<!-- Generated by org.testng.reporters.JUnitReportReporter -->
<testsuite hostname="Z100107" name="com.YouMagicPro.LKM_tests.IsLoginPresentTest" tests="1" failures="0" timestamp="26 Feb 2013 12:22:32 GMT" time="13.436" errors="0">
  <testcase name="isLoginPresentTest_C22618" time="13.436" classname="com.YouMagicPro.LKM_tests.IsLoginPresentTest"/>
</testsuite> <!-- com.YouMagicPro.LKM_tests.IsLoginPresentTest -->
