<?xml version="1.0" encoding="UTF-8"?>
<!-- Generated by org.testng.reporters.JUnitReportReporter -->
<testsuite hostname="Z100107" name="com.YouMagicPro.LKA_tests.OrderDeliveryOfContractCancelButtonTest" tests="1" failures="0" timestamp="14 Feb 2013 06:18:43 GMT" time="19.849" errors="0">
  <testcase name="orderDeliveryOfContractCancelButtonTest" time="19.849" classname="com.YouMagicPro.LKA_tests.OrderDeliveryOfContractCancelButtonTest"/>
</testsuite> <!-- com.YouMagicPro.LKA_tests.OrderDeliveryOfContractCancelButtonTest -->
