<?xml version="1.0" encoding="UTF-8"?>
<!-- Generated by org.testng.reporters.JUnitReportReporter -->
<testsuite hostname="Z100107" name="com.YouMagicPro.LKA_tests.EmployeesEditPostTest" tests="1" failures="0" timestamp="15 Feb 2013 06:51:22 GMT" time="40.767" errors="0">
  <testcase name="employeesEditPostTest_C15270" time="40.767" classname="com.YouMagicPro.LKA_tests.EmployeesEditPostTest"/>
</testsuite> <!-- com.YouMagicPro.LKA_tests.EmployeesEditPostTest -->
