<?xml version="1.0" encoding="UTF-8"?>
<!-- Generated by org.testng.reporters.JUnitReportReporter -->
<testsuite hostname="Z100107" name="com.YouMagicPro.LKS_tests.SettingsPageTest" tests="1" failures="0" timestamp="7 Feb 2013 06:44:09 GMT" time="31.224" errors="0">
  <testcase name="settingsPageTest" time="31.224" classname="com.YouMagicPro.LKS_tests.SettingsPageTest"/>
</testsuite> <!-- com.YouMagicPro.LKS_tests.SettingsPageTest -->
