<?xml version="1.0" encoding="UTF-8"?>
<!-- Generated by org.testng.reporters.JUnitReportReporter -->
<testsuite hostname="Z100107" name="com.YouMagicPro.LKA_tests.SupportTopicDropdownMenuTest" tests="1" failures="0" timestamp="5 Feb 2013 10:16:32 GMT" time="20.998" errors="0">
  <testcase name="supportToopicDropdownMenuTest_C15197" time="20.998" classname="com.YouMagicPro.LKA_tests.SupportTopicDropdownMenuTest"/>
</testsuite> <!-- com.YouMagicPro.LKA_tests.SupportTopicDropdownMenuTest -->
