<?xml version="1.0" encoding="UTF-8"?>
<!-- Generated by org.testng.reporters.JUnitReportReporter -->
<testsuite hostname="Z100107" name="com.YouMagicPro.LKA_tests.GroupsAlertTest" tests="1" failures="0" timestamp="14 Mar 2013 08:50:50 GMT" time="35.693" errors="0">
  <testcase name="groupsAlertTest_C15184" time="35.693" classname="com.YouMagicPro.LKA_tests.GroupsAlertTest"/>
</testsuite> <!-- com.YouMagicPro.LKA_tests.GroupsAlertTest -->
