<?xml version="1.0" encoding="UTF-8"?>
<!-- Generated by org.testng.reporters.JUnitReportReporter -->
<testsuite hostname="Z100107" name="com.YouMagicPro.LKM_tests.AgreementStatusTest" tests="1" failures="0" timestamp="28 Feb 2013 08:54:44 GMT" time="25.343" errors="0">
  <testcase name="agreementStatusTest_C22637" time="25.343" classname="com.YouMagicPro.LKM_tests.AgreementStatusTest"/>
</testsuite> <!-- com.YouMagicPro.LKM_tests.AgreementStatusTest -->
