<?xml version="1.0" encoding="UTF-8"?>
<!-- Generated by org.testng.reporters.JUnitReportReporter -->
<testsuite hostname="Z100107" name="com.YouMagicPro.LKA_tests.GroupsMiddleLengthOfTalkTest" tests="1" failures="0" timestamp="15 Jan 2013 12:47:00 GMT" time="57.595" errors="0">
  <testcase name="groupsMiddleLengthOfTalkTest_C25633" time="57.595" classname="com.YouMagicPro.LKA_tests.GroupsMiddleLengthOfTalkTest"/>
</testsuite> <!-- com.YouMagicPro.LKA_tests.GroupsMiddleLengthOfTalkTest -->
