<?xml version="1.0" encoding="UTF-8"?>
<!-- Generated by org.testng.reporters.JUnitReportReporter -->
<testsuite hostname="Z100107" name="com.YouMagicPro.LKS_tests.PhoneContactFillAndCancelTest" tests="1" failures="0" timestamp="24 Jan 2013 13:14:49 GMT" time="14.877" errors="0">
  <testcase name="phoneContactFillAndCancelTest" time="14.877" classname="com.YouMagicPro.LKS_tests.PhoneContactFillAndCancelTest"/>
</testsuite> <!-- com.YouMagicPro.LKS_tests.PhoneContactFillAndCancelTest -->
