<?xml version="1.0" encoding="UTF-8"?>
<!-- Generated by org.testng.reporters.JUnitReportReporter -->
<testsuite hostname="Z100107" name="com.YouMagicPro.LKS_tests.PhoneChangeContactFirstNameTest" tests="1" failures="0" timestamp="12 Feb 2013 11:32:52 GMT" time="50.994" errors="0">
  <testcase name="ChangeContactFirstNameTest" time="50.994" classname="com.YouMagicPro.LKS_tests.PhoneChangeContactFirstNameTest"/>
</testsuite> <!-- com.YouMagicPro.LKS_tests.PhoneChangeContactFirstNameTest -->
