<?xml version="1.0" encoding="UTF-8"?>
<!-- Generated by org.testng.reporters.JUnitReportReporter -->
<testsuite hostname="Z100107" name="com.YouMagicPro.LKS_tests.HistoryNotFullNumberTest" tests="1" failures="0" timestamp="15 Apr 2013 05:54:09 GMT" time="65.044" errors="0">
  <testcase name="historyNotFullNumberTest_C15179" time="65.044" classname="com.YouMagicPro.LKS_tests.HistoryNotFullNumberTest"/>
</testsuite> <!-- com.YouMagicPro.LKS_tests.HistoryNotFullNumberTest -->
