<?xml version="1.0" encoding="UTF-8"?>
<!-- Generated by org.testng.reporters.JUnitReportReporter -->
<testsuite hostname="Z100107" name="com.YouMagicPro.LKA_tests.PasswordWrongOldPasswordTest" tests="1" failures="0" timestamp="11 Jan 2013 10:36:43 GMT" time="11.522" errors="0">
  <testcase name="PasswordWrongOldPasswordTest_C27054" time="11.522" classname="com.YouMagicPro.LKA_tests.PasswordWrongOldPasswordTest"/>
</testsuite> <!-- com.YouMagicPro.LKA_tests.PasswordWrongOldPasswordTest -->
