<?xml version="1.0" encoding="UTF-8"?>
<!-- Generated by org.testng.reporters.JUnitReportReporter -->
<testsuite hostname="Z100107" name="com.YouMagicPro.LKA_tests.VoiceMenuSetNumber4ToNumberTest" tests="1" failures="0" timestamp="18 Jan 2013 09:52:02 GMT" time="35.170" errors="0">
  <testcase name="voiceMenuSetNumber4ToNumberTest_C15344" time="35.170" classname="com.YouMagicPro.LKA_tests.VoiceMenuSetNumber4ToNumberTest"/>
</testsuite> <!-- com.YouMagicPro.LKA_tests.VoiceMenuSetNumber4ToNumberTest -->
