<?xml version="1.0" encoding="UTF-8"?>
<!-- Generated by org.testng.reporters.JUnitReportReporter -->
<testsuite hostname="RnD_CI_Windows" name="com.YouMagicPro.LKA_tests.ExpenseStructureChooseAdditionalNumbersTest" tests="1" failures="0" timestamp="27 Dec 2012 12:04:00 GMT" time="16.900" errors="0">
  <testcase name="expenseStructureChooseAdditionalNumbersTest_C15100" time="16.900" classname="com.YouMagicPro.LKA_tests.ExpenseStructureChooseAdditionalNumbersTest"/>
</testsuite> <!-- com.YouMagicPro.LKA_tests.ExpenseStructureChooseAdditionalNumbersTest -->
