<?xml version="1.0" encoding="UTF-8"?>
<!-- Generated by org.testng.reporters.JUnitReportReporter -->
<testsuite hostname="Z100107" name="com.YouMagicPro.LKA_tests.ContractFIOTest" tests="1" failures="0" timestamp="10 Jan 2013 12:48:25 GMT" time="127.181" errors="0">
  <testcase name="fillInContractDataTest_C14998" time="127.181" classname="com.YouMagicPro.LKA_tests.ContractFIOTest"/>
</testsuite> <!-- com.YouMagicPro.LKA_tests.ContractFIOTest -->
