<?xml version="1.0" encoding="UTF-8"?>
<!-- Generated by org.testng.reporters.JUnitReportReporter -->
<testsuite hostname="Z100107" name="com.YouMagicPro.LKM_tests.NameOfClientsTest" tests="1" failures="0" timestamp="27 Feb 2013 11:17:11 GMT" time="9.564" errors="0">
  <testcase name="nameOfClientsTest_C26770" time="9.564" classname="com.YouMagicPro.LKM_tests.NameOfClientsTest"/>
</testsuite> <!-- com.YouMagicPro.LKM_tests.NameOfClientsTest -->
