<?xml version="1.0" encoding="UTF-8"?>
<!-- Generated by org.testng.reporters.JUnitReportReporter -->
<testsuite hostname="Z100107" name="com.YouMagicPro.LKA_tests.GroupsMelodyTest" tests="1" failures="0" timestamp="16 Jan 2013 13:35:26 GMT" time="13.798" errors="0">
  <testcase name="groupsMelodyTest_C25634" time="13.798" classname="com.YouMagicPro.LKA_tests.GroupsMelodyTest"/>
</testsuite> <!-- com.YouMagicPro.LKA_tests.GroupsMelodyTest -->
