<?xml version="1.0" encoding="UTF-8"?>
<!-- Generated by org.testng.reporters.JUnitReportReporter -->
<testsuite hostname="Z100107" name="com.YouMagicPro.LKM_tests.ExitFromLkmTest" tests="1" failures="0" timestamp="26 Feb 2013 11:54:17 GMT" time="20.746" errors="0">
  <testcase name="ExitFromLkmTest_C22618" time="20.746" classname="com.YouMagicPro.LKM_tests.ExitFromLkmTest"/>
</testsuite> <!-- com.YouMagicPro.LKM_tests.ExitFromLkmTest -->
