<?xml version="1.0" encoding="UTF-8"?>
<!-- Generated by org.testng.reporters.JUnitReportReporter -->
<testsuite hostname="Z100107" name="com.YouMagicPro.LKS_tests.PhoneAddGroupAndCancelTest" tests="1" failures="0" timestamp="7 Feb 2013 12:32:29 GMT" time="29.181" errors="0">
  <testcase name="phoneAddGroupAndCancelTest_C15354" time="29.181" classname="com.YouMagicPro.LKS_tests.PhoneAddGroupAndCancelTest"/>
</testsuite> <!-- com.YouMagicPro.LKS_tests.PhoneAddGroupAndCancelTest -->
