<?xml version="1.0" encoding="UTF-8"?>
<!-- Generated by org.testng.reporters.JUnitReportReporter -->
<testsuite hostname="Z100107" name="com.YouMagicPro.LKM_tests.AgreementStatusTest" tests="1" failures="0" timestamp="12 Mar 2013 10:57:45 GMT" time="31.854" errors="0">
  <testcase name="agreementStatusTest_C22637" time="31.854" classname="com.YouMagicPro.LKM_tests.AgreementStatusTest"/>
</testsuite> <!-- com.YouMagicPro.LKM_tests.AgreementStatusTest -->
