<?xml version="1.0" encoding="UTF-8"?>
<!-- Generated by org.testng.reporters.JUnitReportReporter -->
<testsuite hostname="Z100107" name="com.YouMagicPro.LKS_tests.PhoneAddContactAndDeleteTest" tests="1" failures="0" timestamp="4 Feb 2013 09:33:10 GMT" time="32.555" errors="0">
  <testcase name="PhoneAddContactAndDeleteTest_C15324" time="32.555" classname="com.YouMagicPro.LKS_tests.PhoneAddContactAndDeleteTest"/>
</testsuite> <!-- com.YouMagicPro.LKS_tests.PhoneAddContactAndDeleteTest -->
