<?xml version="1.0" encoding="UTF-8"?>
<!-- Generated by org.testng.reporters.JUnitReportReporter -->
<testsuite hostname="Z100107" name="com.YouMagicPro.LKS_tests.HistoryFullNumberTest" tests="1" failures="0" timestamp="13 Mar 2013 07:38:05 GMT" time="46.256" errors="0">
  <testcase name="historyFullNumberTest_C15177" time="46.256" classname="com.YouMagicPro.LKS_tests.HistoryFullNumberTest"/>
</testsuite> <!-- com.YouMagicPro.LKS_tests.HistoryFullNumberTest -->
