<?xml version="1.0" encoding="UTF-8"?>
<!-- Generated by org.testng.reporters.JUnitReportReporter -->
<testsuite hostname="Z100107" name="com.YouMagicPro.LKS_tests.CallForwardingAllDayTest" tests="1" failures="0" timestamp="29 Jan 2013 05:21:51 GMT" time="21.620" errors="0">
  <testcase name="callForwardingAllDayTest_C15097" time="21.620" classname="com.YouMagicPro.LKS_tests.CallForwardingAllDayTest"/>
</testsuite> <!-- com.YouMagicPro.LKS_tests.CallForwardingAllDayTest -->
