<?xml version="1.0" encoding="UTF-8"?>
<!-- Generated by org.testng.reporters.JUnitReportReporter -->
<testsuite hostname="Z100107" name="com.YouMagicPro.LKM_tests.EnterToLKATest" tests="1" failures="0" timestamp="11 Apr 2013 07:13:37 GMT" time="63.524" errors="0">
  <testcase name="EnterToLKATest_C26771_C26772_C26773" time="63.524" classname="com.YouMagicPro.LKM_tests.EnterToLKATest"/>
</testsuite> <!-- com.YouMagicPro.LKM_tests.EnterToLKATest -->
