<?xml version="1.0" encoding="UTF-8"?>
<!-- Generated by org.testng.reporters.JUnitReportReporter -->
<testsuite hostname="Z100107" name="com.YouMagicPro.LKS_tests.SettingsPassword10InFieldTest" tests="1" failures="0" timestamp="6 Feb 2013 05:57:23 GMT" time="35.896" errors="0">
  <testcase name="settingsPassword10InFieldTest_C15292" time="35.896" classname="com.YouMagicPro.LKS_tests.SettingsPassword10InFieldTest"/>
</testsuite> <!-- com.YouMagicPro.LKS_tests.SettingsPassword10InFieldTest -->
