<?xml version="1.0" encoding="UTF-8"?>
<!-- Generated by org.testng.reporters.JUnitReportReporter -->
<testsuite hostname="Z100107" name="com.YouMagicPro.LKA_tests.BlacklistAddBannedNumberTest" tests="1" failures="0" timestamp="18 Jan 2013 12:27:38 GMT" time="37.614" errors="0">
  <testcase name="BlacklistChooseMainNumberTest_C15150" time="37.614" classname="com.YouMagicPro.LKA_tests.BlacklistAddBannedNumberTest"/>
</testsuite> <!-- com.YouMagicPro.LKA_tests.BlacklistAddBannedNumberTest -->
