<?xml version="1.0" encoding="UTF-8"?>
<!-- Generated by org.testng.reporters.JUnitReportReporter -->
<testsuite hostname="Z100107" name="com.YouMagicPro.LKA_tests.BalanceCurrentBalanceTest" tests="1" failures="0" timestamp="11 Jan 2013 06:47:57 GMT" time="15.214" errors="0">
  <testcase name="balanceCurrentBalanceTest_15093" time="15.214" classname="com.YouMagicPro.LKA_tests.BalanceCurrentBalanceTest"/>
</testsuite> <!-- com.YouMagicPro.LKA_tests.BalanceCurrentBalanceTest -->
