<?xml version="1.0" encoding="UTF-8"?>
<!-- Generated by org.testng.reporters.JUnitReportReporter -->
<testsuite hostname="Z100107" name="com.YouMagicPro.LKA_tests.BalanceAmountOfAdvancePaymentTest" tests="1" failures="0" timestamp="10 Jan 2013 13:43:47 GMT" time="36.403" errors="0">
  <testcase name="balanceAmountOfAdvancePaymentTest_C15091" time="36.403" classname="com.YouMagicPro.LKA_tests.BalanceAmountOfAdvancePaymentTest"/>
</testsuite> <!-- com.YouMagicPro.LKA_tests.BalanceAmountOfAdvancePaymentTest -->
