<?xml version="1.0" encoding="UTF-8"?>
<!-- Generated by org.testng.reporters.JUnitReportReporter -->
<testsuite hostname="Z100107" name="com.YouMagicPro.LKS_tests.PhoneRenameGroupTest" tests="1" failures="0" timestamp="8 Feb 2013 07:30:20 GMT" time="35.011" errors="0">
  <testcase name="phoneRenameGroupTest_C15330" time="35.011" classname="com.YouMagicPro.LKS_tests.PhoneRenameGroupTest"/>
</testsuite> <!-- com.YouMagicPro.LKS_tests.PhoneRenameGroupTest -->
