<?xml version="1.0" encoding="UTF-8"?>
<!-- Generated by org.testng.reporters.JUnitReportReporter -->
<testsuite hostname="Z100107" name="com.YouMagicPro.registration.RegistrationStabilityOfNumbersTest" tests="1" failures="0" timestamp="4 Feb 2013 10:20:55 GMT" time="14.352" errors="0">
  <testcase name="registrationStabilityOfNumbersTest" time="14.352" classname="com.YouMagicPro.registration.RegistrationStabilityOfNumbersTest"/>
</testsuite> <!-- com.YouMagicPro.registration.RegistrationStabilityOfNumbersTest -->
