<?xml version="1.0" encoding="UTF-8"?>
<!-- Generated by org.testng.reporters.JUnitReportReporter -->
<testsuite hostname="Z100107" name="com.YouMagicPro.LKA_tests.BlacklistChooseMainNumberTest" tests="1" failures="0" timestamp="18 Jan 2013 12:14:21 GMT" time="20.119" errors="0">
  <testcase name="BlacklistChooseMainNumberTest_C15149" time="20.119" classname="com.YouMagicPro.LKA_tests.BlacklistChooseMainNumberTest"/>
</testsuite> <!-- com.YouMagicPro.LKA_tests.BlacklistChooseMainNumberTest -->
