<?xml version="1.0" encoding="UTF-8"?>
<!-- Generated by org.testng.reporters.JUnitReportReporter -->
<testsuite hostname="Z100107" name="com.YouMagicPro.LKA_tests.VoiceMenuFillNAmeTextFieldTest" tests="1" failures="0" timestamp="14 Feb 2013 05:41:22 GMT" time="21.772" errors="0">
  <testcase name="voiceFillNAmeTextFieldTest_C15293" time="21.772" classname="com.YouMagicPro.LKA_tests.VoiceMenuFillNAmeTextFieldTest"/>
</testsuite> <!-- com.YouMagicPro.LKA_tests.VoiceMenuFillNAmeTextFieldTest -->
