<?xml version="1.0" encoding="UTF-8"?>
<!-- Generated by org.testng.reporters.JUnitReportReporter -->
<testsuite hostname="Z100107" name="com.YouMagicPro.LKS_tests.HistoryPageTest" tests="1" failures="0" timestamp="6 Feb 2013 05:57:24 GMT" time="16.709" errors="0">
  <testcase name="historyPageTest" time="16.709" classname="com.YouMagicPro.LKS_tests.HistoryPageTest"/>
</testsuite> <!-- com.YouMagicPro.LKS_tests.HistoryPageTest -->
