<?xml version="1.0" encoding="UTF-8"?>
<!-- Generated by org.testng.reporters.JUnitReportReporter -->
<testsuite hostname="Z100107" name="com.YouMagicPro.LKS_tests.PhoneAddGroupAndCancelTest" tests="1" failures="0" timestamp="27 Mar 2013 09:28:14 GMT" time="15.403" errors="0">
  <testcase name="phoneAddGroupAndCancelTest_C15354" time="15.403" classname="com.YouMagicPro.LKS_tests.PhoneAddGroupAndCancelTest"/>
</testsuite> <!-- com.YouMagicPro.LKS_tests.PhoneAddGroupAndCancelTest -->
