<?xml version="1.0" encoding="UTF-8"?>
<!-- Generated by org.testng.reporters.JUnitReportReporter -->
<testsuite hostname="Z100107" name="com.YouMagicPro.LKS_tests.SettingsRightNoOldPasswordNewPasswordsMatchTest" tests="1" failures="0" timestamp="30 Jan 2013 06:52:58 GMT" time="22.884" errors="0">
  <testcase name="settingsRightNoOldPasswordNewPasswordsMatchTest_C15286" time="22.884" classname="com.YouMagicPro.LKS_tests.SettingsRightNoOldPasswordNewPasswordsMatchTest"/>
</testsuite> <!-- com.YouMagicPro.LKS_tests.SettingsRightNoOldPasswordNewPasswordsMatchTest -->
