<?xml version="1.0" encoding="UTF-8"?>
<!-- Generated by org.testng.reporters.JUnitReportReporter -->
<testsuite hostname="Z100107" name="com.YouMagicPro.LKA_tests.VoiceMenuSetNumber5ToVoiceMailTest" tests="1" failures="0" timestamp="18 Jan 2013 09:55:30 GMT" time="29.249" errors="0">
  <testcase name="voiceMenuSetNumber5ToVoiceMailTest_C15345" time="29.249" classname="com.YouMagicPro.LKA_tests.VoiceMenuSetNumber5ToVoiceMailTest"/>
</testsuite> <!-- com.YouMagicPro.LKA_tests.VoiceMenuSetNumber5ToVoiceMailTest -->
