<?xml version="1.0" encoding="UTF-8"?>
<!-- Generated by org.testng.reporters.JUnitReportReporter -->
<testsuite hostname="Z100107" name="com.YouMagicPro.LKS_tests.CallForwardingNoCallForwardingButtonsTest" tests="1" failures="0" timestamp="13 Feb 2013 07:59:13 GMT" time="44.900" errors="0">
  <testcase name="CallForwardingNoCallForwardingButtonsTest_C15035_C15036" time="44.900" classname="com.YouMagicPro.LKS_tests.CallForwardingNoCallForwardingButtonsTest"/>
</testsuite> <!-- com.YouMagicPro.LKS_tests.CallForwardingNoCallForwardingButtonsTest -->
