<?xml version="1.0" encoding="UTF-8"?>
<!-- Generated by org.testng.reporters.JUnitReportReporter -->
<testsuite hostname="Z100107" name="com.YouMagicPro.LKS_tests.PhoneAddNumberToContactTest" tests="1" failures="0" timestamp="25 Jan 2013 07:22:06 GMT" time="74.138" errors="0">
  <testcase name="phoneAddGroupAndCancelTest" time="74.138" classname="com.YouMagicPro.LKS_tests.PhoneAddNumberToContactTest"/>
</testsuite> <!-- com.YouMagicPro.LKS_tests.PhoneAddNumberToContactTest -->
