<?xml version="1.0" encoding="UTF-8"?>
<!-- Generated by org.testng.reporters.JUnitReportReporter -->
<testsuite hostname="Z100107" name="com.YouMagicPro.LKA_tests.OrderByPickUpOrderWithoutDocTypeCheckedTest" tests="1" failures="0" timestamp="18 Feb 2013 08:24:11 GMT" time="26.929" errors="0">
  <testcase name="orderByPickUpOrderWithoutDocTypeCheckedTest_C25663" time="26.929" classname="com.YouMagicPro.LKA_tests.OrderByPickUpOrderWithoutDocTypeCheckedTest"/>
</testsuite> <!-- com.YouMagicPro.LKA_tests.OrderByPickUpOrderWithoutDocTypeCheckedTest -->
