<?xml version="1.0" encoding="UTF-8"?>
<!-- Generated by org.testng.reporters.JUnitReportReporter -->
<testsuite hostname="Z100107" name="com.YouMagicPro.LKS_tests.SettingsRightOldPasswordEmptyNewPassword" tests="1" failures="0" timestamp="30 Jan 2013 07:00:28 GMT" time="24.081" errors="0">
  <testcase name="settingsRightOldPasswordEmptyNewPassword_C15287" time="24.081" classname="com.YouMagicPro.LKS_tests.SettingsRightOldPasswordEmptyNewPassword"/>
</testsuite> <!-- com.YouMagicPro.LKS_tests.SettingsRightOldPasswordEmptyNewPassword -->
