<?xml version="1.0" encoding="UTF-8"?>
<!-- Generated by org.testng.reporters.JUnitReportReporter -->
<testsuite hostname="Z100107" name="com.YouMagicPro.LKA_tests.BuyingAdditionalExternalNumberCloseWindowTest" tests="1" failures="0" timestamp="14 Feb 2013 08:55:39 GMT" time="15.900" errors="0">
  <testcase name="BuyingAdditionalExternalNumberCloseWindowTest_C15110" time="15.900" classname="com.YouMagicPro.LKA_tests.BuyingAdditionalExternalNumberCloseWindowTest"/>
</testsuite> <!-- com.YouMagicPro.LKA_tests.BuyingAdditionalExternalNumberCloseWindowTest -->
