<?xml version="1.0" encoding="UTF-8"?>
<!-- Generated by org.testng.reporters.JUnitReportReporter -->
<testsuite hostname="Z100107" name="com.YouMagicPro.LKA_tests.GroupsAlertTest" tests="1" failures="0" timestamp="14 Jan 2013 09:14:28 GMT" time="13.543" errors="0">
  <testcase name="GroupsAlertTest_C15184" time="13.543" classname="com.YouMagicPro.LKA_tests.GroupsAlertTest"/>
</testsuite> <!-- com.YouMagicPro.LKA_tests.GroupsAlertTest -->
