<?xml version="1.0" encoding="UTF-8"?>
<!-- Generated by org.testng.reporters.JUnitReportReporter -->
<testsuite hostname="Z100107" name="com.YouMagicPro.LKM_tests.IsReportButtonPresentTest" tests="1" failures="0" timestamp="26 Feb 2013 12:57:45 GMT" time="13.136" errors="0">
  <testcase name="isReportButtonPresentTest_C22612" time="13.136" classname="com.YouMagicPro.LKM_tests.IsReportButtonPresentTest"/>
</testsuite> <!-- com.YouMagicPro.LKM_tests.IsReportButtonPresentTest -->
