<?xml version="1.0" encoding="UTF-8"?>
<!-- Generated by org.testng.reporters.JUnitReportReporter -->
<testsuite hostname="Z100107" name="com.YouMagicPro.mainPageTests.CheckForAvaliabilityPricesPagesTest" tests="1" failures="0" timestamp="27 Mar 2013 09:31:52 GMT" time="11.555" errors="0">
  <testcase name="checkForAvaliabilityPricesPageTest" time="11.555" classname="com.YouMagicPro.mainPageTests.CheckForAvaliabilityPricesPagesTest"/>
</testsuite> <!-- com.YouMagicPro.mainPageTests.CheckForAvaliabilityPricesPagesTest -->
