<?xml version="1.0" encoding="UTF-8"?>
<!-- Generated by org.testng.reporters.JUnitReportReporter -->
<testsuite hostname="Z100107" name="com.YouMagicPro.LKS_tests.PhoneAddGroupAndDeleteTest" tests="1" failures="0" timestamp="31 Jan 2013 12:31:00 GMT" time="46.353" errors="0">
  <testcase name="PhoneAddGroupAndDeleteTest_C15325_C15326" time="46.353" classname="com.YouMagicPro.LKS_tests.PhoneAddGroupAndDeleteTest"/>
</testsuite> <!-- com.YouMagicPro.LKS_tests.PhoneAddGroupAndDeleteTest -->
