<?xml version="1.0" encoding="UTF-8"?>
<!-- Generated by org.testng.reporters.JUnitReportReporter -->
<testsuite hostname="Z100107" name="com.YouMagicPro.LKS_tests.PhoneAddGroupAndRenameTest" tests="1" failures="0" timestamp="12 Feb 2013 06:18:41 GMT" time="54.377" errors="0">
  <testcase name="PhoneAddGroupAndRenameTest_C15330" time="54.377" classname="com.YouMagicPro.LKS_tests.PhoneAddGroupAndRenameTest"/>
</testsuite> <!-- com.YouMagicPro.LKS_tests.PhoneAddGroupAndRenameTest -->
