<?xml version="1.0" encoding="UTF-8"?>
<!-- Generated by org.testng.reporters.JUnitReportReporter -->
<testsuite hostname="Z100107" name="com.YouMagicPro.LKS_tests.VoiceMailPageTest" tests="1" failures="0" timestamp="15 Feb 2013 06:55:04 GMT" time="16.643" errors="0">
  <testcase name="voiceMailPageTest" time="16.643" classname="com.YouMagicPro.LKS_tests.VoiceMailPageTest"/>
</testsuite> <!-- com.YouMagicPro.LKS_tests.VoiceMailPageTest -->
