<?xml version="1.0" encoding="UTF-8"?>
<!-- Generated by org.testng.reporters.JUnitReportReporter -->
<testsuite hostname="Z100107" name="com.YouMagicPro.LKS_tests.VoiceMailPageTest" tests="1" failures="0" timestamp="27 Mar 2013 11:26:23 GMT" time="13.186" errors="0">
  <testcase name="voiceMailPageTest" time="13.186" classname="com.YouMagicPro.LKS_tests.VoiceMailPageTest"/>
</testsuite> <!-- com.YouMagicPro.LKS_tests.VoiceMailPageTest -->
