<?xml version="1.0" encoding="UTF-8"?>
<!-- Generated by org.testng.reporters.JUnitReportReporter -->
<testsuite hostname="Z100107" name="com.YouMagicPro.LKA_tests.BuyingAdditionalInternalNumberCheckCost" tests="1" failures="0" timestamp="11 Jan 2013 07:38:02 GMT" time="60.017" errors="0">
  <testcase name="buyingAdditionalInternalNumberCheckCost_C15113" time="60.017" classname="com.YouMagicPro.LKA_tests.BuyingAdditionalInternalNumberCheckCost"/>
</testsuite> <!-- com.YouMagicPro.LKA_tests.BuyingAdditionalInternalNumberCheckCost -->
