<?xml version="1.0" encoding="UTF-8"?>
<!-- Generated by org.testng.reporters.JUnitReportReporter -->
<testsuite hostname="Z100107" name="com.YouMagicPro.LKA_tests.AddAndDeleteMenusTest" tests="1" failures="0" timestamp="5 Feb 2013 09:55:00 GMT" time="58.429" errors="0">
  <testcase name="addAndDeleteMenusTest_C15292" time="58.429" classname="com.YouMagicPro.LKA_tests.AddAndDeleteMenusTest"/>
</testsuite> <!-- com.YouMagicPro.LKA_tests.AddAndDeleteMenusTest -->
