<?xml version="1.0" encoding="UTF-8"?>
<!-- Generated by org.testng.reporters.JUnitReportReporter -->
<testsuite hostname="Z100107" name="com.YouMagicPro.LKS_tests.SettingsPasswordSpaceInFieldTest" tests="1" failures="0" timestamp="30 Jan 2013 08:33:20 GMT" time="36.182" errors="0">
  <testcase name="settingsPasswordSpaceInFieldTest_C15289" time="36.182" classname="com.YouMagicPro.LKS_tests.SettingsPasswordSpaceInFieldTest"/>
</testsuite> <!-- com.YouMagicPro.LKS_tests.SettingsPasswordSpaceInFieldTest -->
