<?xml version="1.0" encoding="UTF-8"?>
<!-- Generated by org.testng.reporters.JUnitReportReporter -->
<testsuite hostname="Z100107" name="com.YouMagicPro.LKA_tests.GroupsOneInInternalNumberTextFieldTest" tests="1" failures="0" timestamp="27 Mar 2013 07:24:01 GMT" time="32.769" errors="0">
  <testcase name="groupsOneInInternalNumberTextFieldTest_C15188" time="32.769" classname="com.YouMagicPro.LKA_tests.GroupsOneInInternalNumberTextFieldTest"/>
</testsuite> <!-- com.YouMagicPro.LKA_tests.GroupsOneInInternalNumberTextFieldTest -->
