<?xml version="1.0" encoding="UTF-8"?>
<!-- Generated by org.testng.reporters.JUnitReportReporter -->
<testsuite hostname="Z100107" name="com.YouMagicPro.LKA_tests.EmployeesFiveFreeNumbersTest" tests="1" failures="0" timestamp="17 Jan 2013 12:06:45 GMT" time="11.612" errors="0">
  <testcase name="employeesFiveFreeNumbersTest_C15251" time="11.612" classname="com.YouMagicPro.LKA_tests.EmployeesFiveFreeNumbersTest"/>
</testsuite> <!-- com.YouMagicPro.LKA_tests.EmployeesFiveFreeNumbersTest -->
