<?xml version="1.0" encoding="UTF-8"?>
<!-- Generated by org.testng.reporters.JUnitReportReporter -->
<testsuite hostname="Z100107" name="com.YouMagicPro.LKA_tests.SupportEnterMessageTest" tests="1" failures="0" timestamp="21 Jan 2013 08:36:45 GMT" time="25.741" errors="0">
  <testcase name="supportEnterMessageTest_C15198" time="25.741" classname="com.YouMagicPro.LKA_tests.SupportEnterMessageTest"/>
</testsuite> <!-- com.YouMagicPro.LKA_tests.SupportEnterMessageTest -->
