<?xml version="1.0" encoding="UTF-8"?>
<!-- Generated by org.testng.reporters.JUnitReportReporter -->
<testsuite hostname="Z100107" name="com.YouMagicPro.LKA_tests.VoiceMenuSetNumber5ToVoiceMailTest" tests="1" failures="0" timestamp="14 Feb 2013 06:20:09 GMT" time="39.088" errors="0">
  <testcase name="voiceMenuSetNumber5ToVoiceMailTest_C15345" time="39.088" classname="com.YouMagicPro.LKA_tests.VoiceMenuSetNumber5ToVoiceMailTest"/>
</testsuite> <!-- com.YouMagicPro.LKA_tests.VoiceMenuSetNumber5ToVoiceMailTest -->
