<?xml version="1.0" encoding="UTF-8"?>
<!-- Generated by org.testng.reporters.JUnitReportReporter -->
<testsuite hostname="Z100107" name="com.YouMagicPro.LKS_tests.PhoneAddGroupAndRenameTest" tests="1" failures="0" timestamp="31 Jan 2013 13:41:20 GMT" time="55.032" errors="0">
  <testcase name="PhoneAddGroupAndRenameTest_C15330" time="55.032" classname="com.YouMagicPro.LKS_tests.PhoneAddGroupAndRenameTest"/>
</testsuite> <!-- com.YouMagicPro.LKS_tests.PhoneAddGroupAndRenameTest -->
