<?xml version="1.0" encoding="UTF-8"?>
<!-- Generated by org.testng.reporters.JUnitReportReporter -->
<testsuite hostname="Z100107" name="com.YouMagicPro.LKS_tests.PhoneAddGroupWithEmptyNameTest" tests="1" failures="0" timestamp="7 Feb 2013 06:33:07 GMT" time="26.380" errors="0">
  <testcase name="PhoneAddGroupWithEmptyNameTest_C15327" time="26.380" classname="com.YouMagicPro.LKS_tests.PhoneAddGroupWithEmptyNameTest"/>
</testsuite> <!-- com.YouMagicPro.LKS_tests.PhoneAddGroupWithEmptyNameTest -->
