<?xml version="1.0" encoding="UTF-8"?>
<!-- Generated by org.testng.reporters.JUnitReportReporter -->
<testsuite hostname="Z100107" name="com.YouMagicPro.LKS_tests.HistoryCityNumberTest" tests="1" failures="0" timestamp="12 Mar 2013 11:14:33 GMT" time="51.200" errors="0">
  <testcase name="historyCityNumberTest_C15275" time="51.200" classname="com.YouMagicPro.LKS_tests.HistoryCityNumberTest"/>
</testsuite> <!-- com.YouMagicPro.LKS_tests.HistoryCityNumberTest -->
