<?xml version="1.0" encoding="UTF-8"?>
<!-- Generated by org.testng.reporters.JUnitReportReporter -->
<testsuite hostname="Z100107" name="com.YouMagicPro.LKS_tests.SettingsRightPasswordChangeTest" tests="1" failures="0" timestamp="6 Feb 2013 05:57:24 GMT" time="22.571" errors="0">
  <testcase name="settingsRightPasswordChangeTest_C15282" time="22.571" classname="com.YouMagicPro.LKS_tests.SettingsRightPasswordChangeTest"/>
</testsuite> <!-- com.YouMagicPro.LKS_tests.SettingsRightPasswordChangeTest -->
