<?xml version="1.0" encoding="UTF-8"?>
<!-- Generated by org.testng.reporters.JUnitReportReporter -->
<testsuite hostname="Z100107" name="com.YouMagicPro.LKM_tests.RegistrationVerificationTest" tests="1" failures="0" timestamp="27 Feb 2013 12:29:14 GMT" time="32.493" errors="0">
  <testcase name="registrationVerificationTest_C22621" time="32.493" classname="com.YouMagicPro.LKM_tests.RegistrationVerificationTest"/>
</testsuite> <!-- com.YouMagicPro.LKM_tests.RegistrationVerificationTest -->
