<?xml version="1.0" encoding="UTF-8"?>
<!-- Generated by org.testng.reporters.JUnitReportReporter -->
<testsuite hostname="Z100107" name="com.YouMagicPro.LKS_tests.SettingsRightOldPasswordEmptyNewPassword" tests="1" failures="0" timestamp="8 Feb 2013 07:42:17 GMT" time="43.657" errors="0">
  <testcase name="settingsRightOldPasswordEmptyNewPassword_C15287" time="43.657" classname="com.YouMagicPro.LKS_tests.SettingsRightOldPasswordEmptyNewPassword"/>
</testsuite> <!-- com.YouMagicPro.LKS_tests.SettingsRightOldPasswordEmptyNewPassword -->
