<?xml version="1.0" encoding="UTF-8"?>
<!-- Generated by org.testng.reporters.JUnitReportReporter -->
<testsuite hostname="Z100107" name="com.YouMagicPro.LKS_tests.PhoneAddGroupAndCancelTest" tests="1" failures="0" timestamp="25 Jan 2013 07:07:32 GMT" time="17.782" errors="0">
  <testcase name="phoneAddGroupAndCancelTest" time="17.782" classname="com.YouMagicPro.LKS_tests.PhoneAddGroupAndCancelTest"/>
</testsuite> <!-- com.YouMagicPro.LKS_tests.PhoneAddGroupAndCancelTest -->
