<?xml version="1.0" encoding="UTF-8"?>
<!-- Generated by org.testng.reporters.JUnitReportReporter -->
<testsuite hostname="Z100107" name="com.YouMagicPro.LKM_tests.ContractStatusTest" tests="1" failures="0" timestamp="28 Feb 2013 06:55:37 GMT" time="24.008" errors="0">
  <testcase name="contractStatusTest_C22636" time="24.008" classname="com.YouMagicPro.LKM_tests.ContractStatusTest"/>
</testsuite> <!-- com.YouMagicPro.LKM_tests.ContractStatusTest -->
