<?xml version="1.0" encoding="UTF-8"?>
<!-- Generated by org.testng.reporters.JUnitReportReporter -->
<testsuite hostname="Z100107" name="com.YouMagicPro.LKS_tests.PhoneAddEmptyContactTest" tests="1" failures="0" timestamp="6 Feb 2013 05:57:24 GMT" time="20.053" errors="0">
  <testcase name="phoneAddEmptyContactTest_C15328" time="20.053" classname="com.YouMagicPro.LKS_tests.PhoneAddEmptyContactTest"/>
</testsuite> <!-- com.YouMagicPro.LKS_tests.PhoneAddEmptyContactTest -->
