<?xml version="1.0" encoding="UTF-8"?>
<!-- Generated by org.testng.reporters.JUnitReportReporter -->
<testsuite hostname="Z100107" name="com.YouMagicPro.LKA_tests.PasswordCancelButtonTest" tests="1" failures="0" timestamp="11 Jan 2013 11:35:51 GMT" time="56.508" errors="0">
  <testcase name="passwordCancelButtonTest_C15127" time="56.508" classname="com.YouMagicPro.LKA_tests.PasswordCancelButtonTest"/>
</testsuite> <!-- com.YouMagicPro.LKA_tests.PasswordCancelButtonTest -->
