<?xml version="1.0" encoding="UTF-8"?>
<!-- Generated by org.testng.reporters.JUnitReportReporter -->
<testsuite hostname="Z100107" name="com.YouMagicPro.LKS_tests.SettingsPasswordCyrilicInFieldTest" tests="1" failures="0" timestamp="30 Jan 2013 09:44:03 GMT" time="35.871" errors="0">
  <testcase name="settingsPasswordCyrilicInFieldTest_C15291" time="35.871" classname="com.YouMagicPro.LKS_tests.SettingsPasswordCyrilicInFieldTest"/>
</testsuite> <!-- com.YouMagicPro.LKS_tests.SettingsPasswordCyrilicInFieldTest -->
