<?xml version="1.0" encoding="UTF-8"?>
<!-- Generated by org.testng.reporters.JUnitReportReporter -->
<testsuite hostname="Z100107" name="com.YouMagicPro.LKS_tests.YouMagicLogoTest" tests="1" failures="0" timestamp="25 Jan 2013 09:25:20 GMT" time="23.209" errors="0">
  <testcase name="YouMagicLogoTest" time="23.209" classname="com.YouMagicPro.LKS_tests.YouMagicLogoTest"/>
</testsuite> <!-- com.YouMagicPro.LKS_tests.YouMagicLogoTest -->
