<?xml version="1.0" encoding="UTF-8"?>
<!-- Generated by org.testng.reporters.JUnitReportReporter -->
<testsuite hostname="Z100107" name="com.YouMagicPro.LKS_tests.PhoneAddFiveNumbersForContactTest" tests="1" failures="0" timestamp="11 Feb 2013 11:55:51 GMT" time="50.632" errors="0">
  <testcase name="phoneAddFiveNumbersForContactTest_C15316_C15320_C15319" time="50.632" classname="com.YouMagicPro.LKS_tests.PhoneAddFiveNumbersForContactTest"/>
</testsuite> <!-- com.YouMagicPro.LKS_tests.PhoneAddFiveNumbersForContactTest -->
