<?xml version="1.0" encoding="UTF-8"?>
<!-- Generated by org.testng.reporters.JUnitReportReporter -->
<testsuite hostname="Z100107" name="com.YouMagicPro.LKA_tests.GroupsChangeGroupNameTest" tests="1" failures="0" timestamp="15 Jan 2013 13:46:26 GMT" time="18.306" errors="0">
  <testcase name="groupsChangeGroupNameTest_C25633" time="18.306" classname="com.YouMagicPro.LKA_tests.GroupsChangeGroupNameTest"/>
</testsuite> <!-- com.YouMagicPro.LKA_tests.GroupsChangeGroupNameTest -->
