<?xml version="1.0" encoding="UTF-8"?>
<!-- Generated by org.testng.reporters.JUnitReportReporter -->
<testsuite hostname="Z100107" name="com.YouMagicPro.LKA_tests.ContractChangeFIOTest" tests="1" failures="0" timestamp="15 Mar 2013 06:49:36 GMT" time="54.077" errors="0">
  <testcase name="ContractChangeFIOTest_C29933" time="54.077" classname="com.YouMagicPro.LKA_tests.ContractChangeFIOTest"/>
</testsuite> <!-- com.YouMagicPro.LKA_tests.ContractChangeFIOTest -->
