<?xml version="1.0" encoding="UTF-8"?>
<!-- Generated by org.testng.reporters.JUnitReportReporter -->
<testsuite hostname="Z100107" name="com.YouMagicPro.authorization.AuthorizationAdminNoFieldsFilledTest" tests="1" failures="0" timestamp="10 Jan 2013 07:30:00 GMT" time="11.078" errors="0">
  <testcase name="authorizationAdminNoFieldsFilledTest_C14740" time="11.078" classname="com.YouMagicPro.authorization.AuthorizationAdminNoFieldsFilledTest"/>
</testsuite> <!-- com.YouMagicPro.authorization.AuthorizationAdminNoFieldsFilledTest -->
