<?xml version="1.0" encoding="UTF-8"?>
<!-- Generated by org.testng.reporters.JUnitReportReporter -->
<testsuite hostname="Z100107" name="com.YouMagicPro.authorization.AuthorizationAdminWrongPasswordTest" tests="1" failures="0" timestamp="27 Mar 2013 07:05:19 GMT" time="5.067" errors="0">
  <testcase name="authorizationWrongLoginTest_C14711" time="5.067" classname="com.YouMagicPro.authorization.AuthorizationAdminWrongPasswordTest"/>
</testsuite> <!-- com.YouMagicPro.authorization.AuthorizationAdminWrongPasswordTest -->
