<?xml version="1.0" encoding="UTF-8"?>
<!-- Generated by org.testng.reporters.JUnitReportReporter -->
<testsuite hostname="Z100107" name="com.YouMagicPro.LKS_tests.AddAndDeleteContactTest" tests="1" failures="0" timestamp="8 Feb 2013 07:34:55 GMT" time="38.971" errors="0">
  <testcase name="addAndDeleteContactTest_C15324" time="38.971" classname="com.YouMagicPro.LKS_tests.AddAndDeleteContactTest"/>
</testsuite> <!-- com.YouMagicPro.LKS_tests.AddAndDeleteContactTest -->
