<?xml version="1.0" encoding="UTF-8"?>
<!-- Generated by org.testng.reporters.JUnitReportReporter -->
<testsuite hostname="Z100107" name="com.YouMagicPro.LKA_tests.GroupsAddOneEmployeeToGroupTest" tests="1" failures="0" timestamp="17 Jan 2013 06:09:44 GMT" time="12.749" errors="0">
  <testcase name="groupsAddOneEmployeeToGroupTest_C25637" time="12.749" classname="com.YouMagicPro.LKA_tests.GroupsAddOneEmployeeToGroupTest"/>
</testsuite> <!-- com.YouMagicPro.LKA_tests.GroupsAddOneEmployeeToGroupTest -->
