<?xml version="1.0" encoding="UTF-8"?>
<!-- Generated by org.testng.reporters.JUnitReportReporter -->
<testsuite hostname="Z100107" name="com.YouMagicPro.LKS_tests.PhoneChangeContactFirstNameTest" tests="1" failures="0" timestamp="8 Feb 2013 12:13:10 GMT" time="43.637" errors="0">
  <testcase name="ChangeContactFirstNameTest" time="43.637" classname="com.YouMagicPro.LKS_tests.PhoneChangeContactFirstNameTest"/>
</testsuite> <!-- com.YouMagicPro.LKS_tests.PhoneChangeContactFirstNameTest -->
