<?xml version="1.0" encoding="UTF-8"?>
<!-- Generated by org.testng.reporters.JUnitReportReporter -->
<testsuite hostname="Z100107" name="com.YouMagicPro.LKS_tests.PhoneAddEmptyContactTest" tests="1" failures="0" timestamp="24 Jan 2013 13:35:12 GMT" time="18.917" errors="0">
  <testcase name="phoneAddEmptyContactTest" time="18.917" classname="com.YouMagicPro.LKS_tests.PhoneAddEmptyContactTest"/>
</testsuite> <!-- com.YouMagicPro.LKS_tests.PhoneAddEmptyContactTest -->
