<?xml version="1.0" encoding="UTF-8"?>
<!-- Generated by org.testng.reporters.JUnitReportReporter -->
<testsuite hostname="Z100107" name="com.YouMagicPro.LKS_tests.HistoryCityNumberTest" tests="1" failures="0" timestamp="10 Apr 2013 08:55:53 GMT" time="67.708" errors="0">
  <testcase name="historyCityNumberTest_C15275" time="67.708" classname="com.YouMagicPro.LKS_tests.HistoryCityNumberTest"/>
</testsuite> <!-- com.YouMagicPro.LKS_tests.HistoryCityNumberTest -->
