<?xml version="1.0" encoding="UTF-8"?>
<!-- Generated by org.testng.reporters.JUnitReportReporter -->
<testsuite hostname="Z100107" name="com.YouMagicPro.LKS_tests.PhoneChangeContactFirstNameTest" tests="1" failures="0" timestamp="25 Jan 2013 11:16:07 GMT" time="49.033" errors="0">
  <testcase name="phoneCreateAndDeleteGroupTest" time="49.033" classname="com.YouMagicPro.LKS_tests.PhoneChangeContactFirstNameTest"/>
</testsuite> <!-- com.YouMagicPro.LKS_tests.PhoneChangeContactFirstNameTest -->
