<?xml version="1.0" encoding="UTF-8"?>
<!-- Generated by org.testng.reporters.JUnitReportReporter -->
<testsuite hostname="Z100107" name="com.YouMagicPro.LKS_tests.PhoneChangeContactFirstNameTest" tests="1" failures="0" timestamp="11 Feb 2013 12:02:43 GMT" time="55.455" errors="0">
  <testcase name="ChangeContactFirstNameTest" time="55.455" classname="com.YouMagicPro.LKS_tests.PhoneChangeContactFirstNameTest"/>
</testsuite> <!-- com.YouMagicPro.LKS_tests.PhoneChangeContactFirstNameTest -->
