<?xml version="1.0" encoding="UTF-8"?>
<!-- Generated by org.testng.reporters.JUnitReportReporter -->
<testsuite hostname="Z100107" name="com.YouMagicPro.LKS_tests.SettingsNoPasswordsTest" tests="1" failures="0" timestamp="27 Mar 2013 09:27:41 GMT" time="37.346" errors="0">
  <testcase name="settingsNoPasswordsTest_C15283" time="37.346" classname="com.YouMagicPro.LKS_tests.SettingsNoPasswordsTest"/>
</testsuite> <!-- com.YouMagicPro.LKS_tests.SettingsNoPasswordsTest -->
