<?xml version="1.0" encoding="UTF-8"?>
<!-- Generated by org.testng.reporters.JUnitReportReporter -->
<testsuite hostname="Z100107" name="com.YouMagicPro.LKS_tests.PhoneRenameGroupTest" tests="1" failures="0" timestamp="12 Feb 2013 06:12:04 GMT" time="53.364" errors="0">
  <testcase name="phoneRenameGroupTest_C15330" time="53.364" classname="com.YouMagicPro.LKS_tests.PhoneRenameGroupTest"/>
</testsuite> <!-- com.YouMagicPro.LKS_tests.PhoneRenameGroupTest -->
