<?xml version="1.0" encoding="UTF-8"?>
<!-- Generated by org.testng.reporters.JUnitReportReporter -->
<testsuite hostname="Z100107" name="com.YouMagicPro.LKA_tests.ContractSelectAttorneyDocumentDate" tests="1" failures="0" timestamp="10 Jan 2013 13:03:26 GMT" time="67.335" errors="0">
  <testcase name="ContractSelectAttorneyDocumentDate_C14988" time="67.335" classname="com.YouMagicPro.LKA_tests.ContractSelectAttorneyDocumentDate"/>
</testsuite> <!-- com.YouMagicPro.LKA_tests.ContractSelectAttorneyDocumentDate -->
