<?xml version="1.0" encoding="UTF-8"?>
<!-- Generated by org.testng.reporters.JUnitReportReporter -->
<testsuite hostname="Z100107" name="com.YouMagicPro.LKS_tests.HistoryCityNumberTest" tests="1" failures="0" timestamp="29 Jan 2013 10:17:30 GMT" time="32.807" errors="0">
  <testcase name="historyCityNumberTest_C15275" time="32.807" classname="com.YouMagicPro.LKS_tests.HistoryCityNumberTest"/>
</testsuite> <!-- com.YouMagicPro.LKS_tests.HistoryCityNumberTest -->
