<?xml version="1.0" encoding="UTF-8"?>
<!-- Generated by org.testng.reporters.JUnitReportReporter -->
<testsuite hostname="Z100107" name="com.YouMagicPro.LKA_tests.EmployeesCheckInfoTest" tests="1" failures="0" timestamp="14 Feb 2013 08:49:08 GMT" time="27.908" errors="0">
  <testcase name="employeesCheckInfoTest_C15252" time="27.908" classname="com.YouMagicPro.LKA_tests.EmployeesCheckInfoTest"/>
</testsuite> <!-- com.YouMagicPro.LKA_tests.EmployeesCheckInfoTest -->
