<?xml version="1.0" encoding="UTF-8"?>
<!-- Generated by org.testng.reporters.JUnitReportReporter -->
<testsuite hostname="Z100107" name="com.YouMagicPro.LKS_tests.PhoneHideGroupTest" tests="1" failures="0" timestamp="8 Feb 2013 05:44:52 GMT" time="10.892" errors="0">
  <testcase name="phoneHideGroupTest_C15333_C15334" time="10.892" classname="com.YouMagicPro.LKS_tests.PhoneHideGroupTest"/>
</testsuite> <!-- com.YouMagicPro.LKS_tests.PhoneHideGroupTest -->
