<?xml version="1.0" encoding="UTF-8"?>
<!-- Generated by org.testng.reporters.JUnitReportReporter -->
<testsuite hostname="Z100107" name="com.YouMagicPro.LKA_tests.EmployeesLimitsOfFundsTest" tests="1" failures="0" timestamp="17 Jan 2013 12:39:31 GMT" time="27.048" errors="0">
  <testcase name="employeesLimitsOfFundsTest_C15270" time="27.048" classname="com.YouMagicPro.LKA_tests.EmployeesLimitsOfFundsTest"/>
</testsuite> <!-- com.YouMagicPro.LKA_tests.EmployeesLimitsOfFundsTest -->
