<?xml version="1.0" encoding="UTF-8"?>
<!-- Generated by org.testng.reporters.JUnitReportReporter -->
<testsuite hostname="Z100107" name="com.YouMagicPro.LKS_tests.PhoneAddGroupAndDeleteTest" tests="1" failures="0" timestamp="6 Feb 2013 05:57:23 GMT" time="42.368" errors="0">
  <testcase name="PhoneAddGroupAndDeleteTest_C15325_C15326" time="42.368" classname="com.YouMagicPro.LKS_tests.PhoneAddGroupAndDeleteTest"/>
</testsuite> <!-- com.YouMagicPro.LKS_tests.PhoneAddGroupAndDeleteTest -->
