<?xml version="1.0" encoding="UTF-8"?>
<!-- Generated by org.testng.reporters.JUnitReportReporter -->
<testsuite hostname="Z100107" name="com.YouMagicPro.mainPageTests.CheckForAvaliabilityPricesPagesTest" tests="1" failures="0" timestamp="24 Jan 2013 11:23:26 GMT" time="11.806" errors="0">
  <testcase name="checkForAvaliabilityPricesPageTest" time="11.806" classname="com.YouMagicPro.mainPageTests.CheckForAvaliabilityPricesPagesTest"/>
</testsuite> <!-- com.YouMagicPro.mainPageTests.CheckForAvaliabilityPricesPagesTest -->
