<?xml version="1.0" encoding="UTF-8"?>
<!-- Generated by org.testng.reporters.JUnitReportReporter -->
<testsuite hostname="Z100107" name="com.YouMagicPro.LKA_tests.OrderToAdressNoTextFieldFilledTest" tests="1" failures="0" timestamp="18 Feb 2013 08:30:00 GMT" time="27.742" errors="0">
  <testcase name="OrderToAdressNoTextFieldFilledTest_C25679" time="27.742" classname="com.YouMagicPro.LKA_tests.OrderToAdressNoTextFieldFilledTest"/>
</testsuite> <!-- com.YouMagicPro.LKA_tests.OrderToAdressNoTextFieldFilledTest -->
