<?xml version="1.0" encoding="UTF-8"?>
<!-- Generated by org.testng.reporters.JUnitReportReporter -->
<testsuite hostname="Z100107" name="com.YouMagicPro.LKA_tests.ContractEndOfPageDataTest" tests="1" failures="0" timestamp="11 Mar 2013 08:33:08 GMT" time="40.237" errors="0">
  <testcase name="contractEndOfPageDataTest_C15062" time="40.237" classname="com.YouMagicPro.LKA_tests.ContractEndOfPageDataTest"/>
</testsuite> <!-- com.YouMagicPro.LKA_tests.ContractEndOfPageDataTest -->
