<?xml version="1.0" encoding="UTF-8"?>
<!-- Generated by org.testng.reporters.JUnitReportReporter -->
<testsuite hostname="Z100107" name="com.YouMagicPro.LKM_tests.AuthorizationToLkmTest" tests="1" failures="0" timestamp="26 Feb 2013 10:46:50 GMT" time="13.601" errors="0">
  <testcase name="AuthorizationToLkmTest_C22603" time="13.601" classname="com.YouMagicPro.LKM_tests.AuthorizationToLkmTest"/>
</testsuite> <!-- com.YouMagicPro.LKM_tests.AuthorizationToLkmTest -->
