<?xml version="1.0" encoding="UTF-8"?>
<!-- Generated by org.testng.reporters.JUnitReportReporter -->
<testsuite hostname="Z100107" name="com.YouMagicPro.LKS_tests.HistorySwitchOnlyYearAndMonth" tests="1" failures="0" timestamp="15 Apr 2013 05:55:06 GMT" time="19.068" errors="0">
  <testcase name="historyPageTest" time="19.068" classname="com.YouMagicPro.LKS_tests.HistorySwitchOnlyYearAndMonth"/>
</testsuite> <!-- com.YouMagicPro.LKS_tests.HistorySwitchOnlyYearAndMonth -->
