<?xml version="1.0" encoding="UTF-8"?>
<!-- Generated by org.testng.reporters.JUnitReportReporter -->
<testsuite hostname="Z100107" name="com.YouMagicPro.LKA_tests.GroupsChangeInternalNumberTest" tests="1" failures="0" timestamp="17 Jan 2013 07:31:19 GMT" time="35.736" errors="0">
  <testcase name="groupsChangeInternalNumberTest_C15192" time="35.736" classname="com.YouMagicPro.LKA_tests.GroupsChangeInternalNumberTest"/>
</testsuite> <!-- com.YouMagicPro.LKA_tests.GroupsChangeInternalNumberTest -->
