<?xml version="1.0" encoding="UTF-8"?>
<!-- Generated by org.testng.reporters.JUnitReportReporter -->
<testsuite hostname="Z100107" name="com.YouMagicPro.LKS_tests.PhoneHideGroupTest" tests="1" failures="0" timestamp="6 Feb 2013 05:57:24 GMT" time="11.974" errors="0">
  <testcase name="phoneHideGroupTest_C15333_C15334" time="11.974" classname="com.YouMagicPro.LKS_tests.PhoneHideGroupTest"/>
</testsuite> <!-- com.YouMagicPro.LKS_tests.PhoneHideGroupTest -->
