<?xml version="1.0" encoding="UTF-8"?>
<!-- Generated by org.testng.reporters.JUnitReportReporter -->
<testsuite hostname="Z100107" name="com.YouMagicPro.registration.RegistrationStabilityOfNumbersTest" tests="1" failures="0" timestamp="27 Mar 2013 09:34:59 GMT" time="15.800" errors="0">
  <testcase name="registrationStabilityOfNumbersTest_C14943" time="15.800" classname="com.YouMagicPro.registration.RegistrationStabilityOfNumbersTest"/>
</testsuite> <!-- com.YouMagicPro.registration.RegistrationStabilityOfNumbersTest -->
