<?xml version="1.0" encoding="UTF-8"?>
<!-- Generated by org.testng.reporters.JUnitReportReporter -->
<testsuite hostname="Z100107" name="com.YouMagicPro.LKA_tests.VoiceMailPageTest" tests="1" failures="0" timestamp="22 Jan 2013 09:43:24 GMT" time="35.271" errors="0">
  <testcase name="voiceMailPageTest" time="35.271" classname="com.YouMagicPro.LKA_tests.VoiceMailPageTest"/>
</testsuite> <!-- com.YouMagicPro.LKA_tests.VoiceMailPageTest -->
