<?xml version="1.0" encoding="UTF-8"?>
<!-- Generated by org.testng.reporters.JUnitReportReporter -->
<testsuite hostname="RnD_CI_Windows" name="com.YouMagicPro.authorization.AuthorizationEmployeeNoLoginTest" tests="1" failures="0" timestamp="27 Dec 2012 08:14:50 GMT" time="8.616" errors="0">
  <testcase name="authorizationNoLoginTest" time="8.616" classname="com.YouMagicPro.authorization.AuthorizationEmployeeNoLoginTest"/>
</testsuite> <!-- com.YouMagicPro.authorization.AuthorizationEmployeeNoLoginTest -->
