<?xml version="1.0" encoding="UTF-8"?>
<!-- Generated by org.testng.reporters.JUnitReportReporter -->
<testsuite hostname="Z100107" name="com.YouMagicPro.LKA_tests.ExpenseStructureChooseAdditionalNumbersTest" tests="1" failures="0" timestamp="15 Jan 2013 10:19:14 GMT" time="11.080" errors="0">
  <testcase name="expenseStructureChooseAdditionalNumbersTest_C15100" time="11.080" classname="com.YouMagicPro.LKA_tests.ExpenseStructureChooseAdditionalNumbersTest"/>
</testsuite> <!-- com.YouMagicPro.LKA_tests.ExpenseStructureChooseAdditionalNumbersTest -->
