<?xml version="1.0" encoding="UTF-8"?>
<!-- Generated by org.testng.reporters.JUnitReportReporter -->
<testsuite hostname="Z100107" name="com.YouMagicPro.LKS_tests.SettingsYourYMNumber" tests="1" failures="0" timestamp="7 Feb 2013 12:33:38 GMT" time="26.063" errors="0">
  <testcase name="settingsYourYMNumber_C15278" time="26.063" classname="com.YouMagicPro.LKS_tests.SettingsYourYMNumber"/>
</testsuite> <!-- com.YouMagicPro.LKS_tests.SettingsYourYMNumber -->
