<?xml version="1.0" encoding="UTF-8"?>
<!-- Generated by org.testng.reporters.JUnitReportReporter -->
<testsuite hostname="Z100107" name="com.YouMagicPro.LKA_tests.SupportChooseTopicNoTextTest" tests="1" failures="0" timestamp="24 Jan 2013 07:53:53 GMT" time="36.330" errors="0">
  <testcase name="supportChooseTopicNoTextTest_C15200" time="36.330" classname="com.YouMagicPro.LKA_tests.SupportChooseTopicNoTextTest"/>
</testsuite> <!-- com.YouMagicPro.LKA_tests.SupportChooseTopicNoTextTest -->
