<?xml version="1.0" encoding="UTF-8"?>
<!-- Generated by org.testng.reporters.JUnitReportReporter -->
<testsuite hostname="Z100107" name="com.YouMagicPro.LKA_tests.ContractBankAccountLettersInTextFieldTest" tests="1" failures="0" timestamp="15 Jan 2013 05:17:56 GMT" time="17.500" errors="0">
  <testcase name="contractBankAccountLettersInTextFieldTest_C14995" time="17.500" classname="com.YouMagicPro.LKA_tests.ContractBankAccountLettersInTextFieldTest"/>
</testsuite> <!-- com.YouMagicPro.LKA_tests.ContractBankAccountLettersInTextFieldTest -->
