<?xml version="1.0" encoding="UTF-8"?>
<!-- Generated by org.testng.reporters.JUnitReportReporter -->
<testsuite hostname="Z100107" name="com.YouMagicPro.LKS_tests.HistoryCityNumberTest" tests="1" failures="0" timestamp="13 Mar 2013 07:37:07 GMT" time="48.012" errors="0">
  <testcase name="historyCityNumberTest_C15275" time="48.012" classname="com.YouMagicPro.LKS_tests.HistoryCityNumberTest"/>
</testsuite> <!-- com.YouMagicPro.LKS_tests.HistoryCityNumberTest -->
