<?xml version="1.0" encoding="UTF-8"?>
<!-- Generated by org.testng.reporters.JUnitReportReporter -->
<testsuite hostname="Z100107" name="com.YouMagicPro.LKS_tests.SettingsRightOldPasswordEmptyNewPassword" tests="1" failures="0" timestamp="18 Feb 2013 09:12:41 GMT" time="39.197" errors="0">
  <testcase name="settingsRightOldPasswordEmptyNewPassword_C15287" time="39.197" classname="com.YouMagicPro.LKS_tests.SettingsRightOldPasswordEmptyNewPassword"/>
</testsuite> <!-- com.YouMagicPro.LKS_tests.SettingsRightOldPasswordEmptyNewPassword -->
