<?xml version="1.0" encoding="UTF-8"?>
<!-- Generated by org.testng.reporters.JUnitReportReporter -->
<testsuite hostname="Z100107" name="com.YouMagicPro.LKA_tests.GroupsAddOneEmployeeToGroupTest" tests="1" failures="0" timestamp="21 Jan 2013 09:46:53 GMT" time="38.528" errors="0">
  <testcase name="groupsAddOneEmployeeToGroupTest_C25637_C26769" time="38.528" classname="com.YouMagicPro.LKA_tests.GroupsAddOneEmployeeToGroupTest"/>
</testsuite> <!-- com.YouMagicPro.LKA_tests.GroupsAddOneEmployeeToGroupTest -->
