<?xml version="1.0" encoding="UTF-8"?>
<!-- Generated by org.testng.reporters.JUnitReportReporter -->
<testsuite hostname="Z100107" name="com.YouMagicPro.LKS_tests.LogoTest" tests="1" failures="0" timestamp="24 Jan 2013 13:14:50 GMT" time="10.898" errors="0">
  <testcase name="logoTest" time="10.898" classname="com.YouMagicPro.LKS_tests.LogoTest"/>
</testsuite> <!-- com.YouMagicPro.LKS_tests.LogoTest -->
