<?xml version="1.0" encoding="UTF-8"?>
<!-- Generated by org.testng.reporters.JUnitReportReporter -->
<testsuite hostname="Z100107" name="com.YouMagicPro.LKA_tests.BuyingAdditionalNumberChooseCityFromListTest" tests="1" failures="0" timestamp="23 Jan 2013 05:42:28 GMT" time="20.933" errors="0">
  <testcase name="buyingAdditionalNumberChooseCityFromListTest_C15103" time="20.933" classname="com.YouMagicPro.LKA_tests.BuyingAdditionalNumberChooseCityFromListTest"/>
</testsuite> <!-- com.YouMagicPro.LKA_tests.BuyingAdditionalNumberChooseCityFromListTest -->
